2026-04-13 14:30:48,785 INFO o.a.j.u.JMeterUtils: Setting Locale to en_EN
2026-04-13 14:30:48,819 INFO o.a.j.JMeter: Loading user properties from: C:\Users\Ahmed EL-Sharkawi\Downloads\Compressed\apache-jmeter-5.6.3\bin\user.properties
2026-04-13 14:30:48,819 INFO o.a.j.JMeter: Loading system properties from: C:\Users\Ahmed EL-Sharkawi\Downloads\Compressed\apache-jmeter-5.6.3\bin\system.properties
2026-04-13 14:30:48,835 INFO o.a.j.JMeter: Copyright (c) 1998-2024 The Apache Software Foundation
2026-04-13 14:30:48,835 INFO o.a.j.JMeter: Version 5.6.3
2026-04-13 14:30:48,835 INFO o.a.j.JMeter: java.version=21.0.8
2026-04-13 14:30:48,835 INFO o.a.j.JMeter: java.vm.name=Java HotSpot(TM) 64-Bit Server VM
2026-04-13 14:30:48,852 INFO o.a.j.JMeter: os.name=Windows 10
2026-04-13 14:30:48,852 INFO o.a.j.JMeter: os.arch=amd64
2026-04-13 14:30:48,852 INFO o.a.j.JMeter: os.version=10.0
2026-04-13 14:30:48,852 INFO o.a.j.JMeter: file.encoding=UTF-8
2026-04-13 14:30:48,852 INFO o.a.j.JMeter: java.awt.headless=true
2026-04-13 14:30:48,852 INFO o.a.j.JMeter: Max memory     =1073741824
2026-04-13 14:30:48,852 INFO o.a.j.JMeter: Available Processors =4
2026-04-13 14:30:48,886 INFO o.a.j.JMeter: Default Locale=English (EN)
2026-04-13 14:30:48,886 INFO o.a.j.JMeter: JMeter  Locale=English (EN)
2026-04-13 14:30:48,886 INFO o.a.j.JMeter: JMeterHome=C:\Users\Ahmed EL-Sharkawi\Downloads\Compressed\apache-jmeter-5.6.3
2026-04-13 14:30:48,886 INFO o.a.j.JMeter: user.dir  =C:\Users\Ahmed EL-Sharkawi\Desktop\Performance
2026-04-13 14:30:48,886 INFO o.a.j.JMeter: PWD       =C:\Users\Ahmed EL-Sharkawi\Desktop\Performance
2026-04-13 14:30:59,967 INFO o.a.j.JMeter: IP: 192.168.1.2 Name: DESKTOP-62IUQV0 FullName: 192.168.1.2
2026-04-13 14:30:59,999 INFO o.a.j.JMeter: Setting property 'jmeter.reportgenerator.outputdir' to:'C:\Users\Ahmed EL-Sharkawi\Desktop\Performance\results'
2026-04-13 14:30:59,999 INFO o.a.j.s.FileServer: Default base='C:\Users\Ahmed EL-Sharkawi\Desktop\Performance'
2026-04-13 14:30:59,999 INFO o.a.j.s.FileServer: Set new base='C:\Users\Ahmed EL-Sharkawi\Desktop\Performance'
2026-04-13 14:31:00,499 INFO o.a.j.s.SaveService: Testplan (JMX) version: 2.2. Testlog (JTL) version: 2.2
2026-04-13 14:31:00,565 INFO o.a.j.s.SaveService: Using SaveService properties version 5.0
2026-04-13 14:31:00,565 INFO o.a.j.s.SaveService: Using SaveService properties file encoding UTF-8
2026-04-13 14:31:00,582 INFO o.a.j.s.SaveService: Loading file: BlazeDemo_TestPlan.jmx
2026-04-13 14:31:00,682 INFO o.a.j.p.h.s.HTTPSamplerBase: Parser for text/html is org.apache.jmeter.protocol.http.parser.LagartoBasedHtmlParser
2026-04-13 14:31:00,682 INFO o.a.j.p.h.s.HTTPSamplerBase: Parser for application/xhtml+xml is org.apache.jmeter.protocol.http.parser.LagartoBasedHtmlParser
2026-04-13 14:31:00,682 INFO o.a.j.p.h.s.HTTPSamplerBase: Parser for application/xml is org.apache.jmeter.protocol.http.parser.LagartoBasedHtmlParser
2026-04-13 14:31:00,682 INFO o.a.j.p.h.s.HTTPSamplerBase: Parser for text/xml is org.apache.jmeter.protocol.http.parser.LagartoBasedHtmlParser
2026-04-13 14:31:00,682 INFO o.a.j.p.h.s.HTTPSamplerBase: Parser for text/vnd.wap.wml is org.apache.jmeter.protocol.http.parser.RegexpHTMLParser
2026-04-13 14:31:00,682 INFO o.a.j.p.h.s.HTTPSamplerBase: Parser for text/css is org.apache.jmeter.protocol.http.parser.CssParser
2026-04-13 14:31:00,799 INFO o.a.j.JMeter: Creating summariser <summary>
2026-04-13 14:31:00,815 INFO o.a.j.r.d.ReportGenerator: ReportGenerator will use for Parsing the separator: ','
2026-04-13 14:31:00,815 INFO o.a.j.r.d.ReportGenerator: Will generate report at end of test from  results file: results/test_results.jtl
2026-04-13 14:31:00,815 INFO o.a.j.r.d.ReportGenerator: Reading report generator properties from: C:\Users\Ahmed EL-Sharkawi\Downloads\Compressed\apache-jmeter-5.6.3\bin\reportgenerator.properties
2026-04-13 14:31:00,815 INFO o.a.j.r.d.ReportGenerator: Merging with JMeter properties
2026-04-13 14:31:00,815 INFO o.a.j.r.c.ReportGeneratorConfiguration: Property 'jmeter.reportgenerator.temp_dir' not found, using default value 'temp' instead.
2026-04-13 14:31:00,833 INFO o.a.j.r.c.ReportGeneratorConfiguration: Property 'jmeter.reportgenerator.apdex_per_transaction' not found, using default value 'null' instead.
2026-04-13 14:31:00,833 INFO o.a.j.r.c.ReportGeneratorConfiguration: apdex_per_transaction is empty, not APDEX per transaction customization
2026-04-13 14:31:00,833 INFO o.a.j.r.c.ReportGeneratorConfiguration: Property 'jmeter.reportgenerator.sample_filter' not found, using default value 'null' instead.
2026-04-13 14:31:00,833 INFO o.a.j.r.c.ReportGeneratorConfiguration: Property 'jmeter.reportgenerator.report_title' not found, using default value 'null' instead.
2026-04-13 14:31:00,833 INFO o.a.j.r.c.ReportGeneratorConfiguration: Property 'jmeter.reportgenerator.start_date' not found, using default value 'null' instead.
2026-04-13 14:31:00,833 INFO o.a.j.r.c.ReportGeneratorConfiguration: Property 'jmeter.reportgenerator.end_date' not found, using default value 'null' instead.
2026-04-13 14:31:00,833 INFO o.a.j.r.c.ReportGeneratorConfiguration: Property 'jmeter.reportgenerator.date_format' not found, using default value 'null' instead.
2026-04-13 14:31:00,833 INFO o.a.j.r.c.ReportGeneratorConfiguration: Will use date range start date: null, end date: null
2026-04-13 14:31:00,833 INFO o.a.j.r.c.ReportGeneratorConfiguration: Property 'jmeter.reportgenerator.graph.totalTPS.exclude_controllers' not found, using default value 'false' instead.
2026-04-13 14:31:00,833 INFO o.a.j.r.c.ReportGeneratorConfiguration: Property 'jmeter.reportgenerator.graph.activeThreadsOverTime.exclude_controllers' not found, using default value 'false' instead.
2026-04-13 14:31:00,833 INFO o.a.j.r.c.ReportGeneratorConfiguration: Property 'jmeter.reportgenerator.graph.timeVsThreads.exclude_controllers' not found, using default value 'false' instead.
2026-04-13 14:31:00,849 INFO o.a.j.r.c.ReportGeneratorConfiguration: Property 'jmeter.reportgenerator.graph.responseTimeDistribution.exclude_controllers' not found, using default value 'false' instead.
2026-04-13 14:31:00,849 INFO o.a.j.r.c.ReportGeneratorConfiguration: Property 'jmeter.reportgenerator.graph.transactionsPerSecond.exclude_controllers' not found, using default value 'false' instead.
2026-04-13 14:31:00,849 INFO o.a.j.r.c.ReportGeneratorConfiguration: Property 'jmeter.reportgenerator.graph.responseTimePercentiles.exclude_controllers' not found, using default value 'false' instead.
2026-04-13 14:31:00,849 INFO o.a.j.r.c.ReportGeneratorConfiguration: Property 'jmeter.reportgenerator.graph.responseTimePercentilesOverTime.exclude_controllers' not found, using default value 'false' instead.
2026-04-13 14:31:00,849 INFO o.a.j.r.c.ReportGeneratorConfiguration: Property 'jmeter.reportgenerator.graph.responseTimesOverTime.exclude_controllers' not found, using default value 'false' instead.
2026-04-13 14:31:00,849 INFO o.a.j.r.c.ReportGeneratorConfiguration: Property 'jmeter.reportgenerator.graph.connectTimeOverTime.exclude_controllers' not found, using default value 'false' instead.
2026-04-13 14:31:00,849 INFO o.a.j.r.c.ReportGeneratorConfiguration: Property 'jmeter.reportgenerator.graph.latenciesOverTime.exclude_controllers' not found, using default value 'false' instead.
2026-04-13 14:31:00,849 INFO o.a.j.r.c.ReportGeneratorConfiguration: Property 'jmeter.reportgenerator.exporter.json.filters_only_sample_series' not found, using default value 'true' instead.
2026-04-13 14:31:00,849 INFO o.a.j.r.c.ReportGeneratorConfiguration: Property 'jmeter.reportgenerator.exporter.json.series_filter' not found, using default value '' instead.
2026-04-13 14:31:00,849 INFO o.a.j.r.c.ReportGeneratorConfiguration: Property 'jmeter.reportgenerator.exporter.json.show_controllers_only' not found, using default value 'false' instead.
2026-04-13 14:31:00,849 INFO o.a.j.r.c.ReportGeneratorConfiguration: Property 'jmeter.reportgenerator.exporter.html.filters_only_sample_series' not found, using default value 'true' instead.
2026-04-13 14:31:00,849 INFO o.a.j.r.c.ReportGeneratorConfiguration: Property 'jmeter.reportgenerator.exporter.html.series_filter' not found, using default value '' instead.
2026-04-13 14:31:00,849 INFO o.a.j.r.c.ReportGeneratorConfiguration: Property 'jmeter.reportgenerator.exporter.html.show_controllers_only' not found, using default value 'false' instead.
2026-04-13 14:31:00,884 INFO o.a.j.e.StandardJMeterEngine: Running the test!
2026-04-13 14:31:00,884 INFO o.a.j.s.SampleEvent: List of sample_variables: []
2026-04-13 14:31:00,884 INFO o.a.j.s.SampleEvent: List of sample_variables: []
2026-04-13 14:31:00,899 INFO o.a.j.e.u.CompoundVariable: Note: Function class names must contain the string: '.functions.'
2026-04-13 14:31:00,899 INFO o.a.j.e.u.CompoundVariable: Note: Function class names must not contain the string: '.gui.'
2026-04-13 14:31:01,032 INFO o.a.j.r.ClassFinder: Will scan jar C:\Users\Ahmed EL-Sharkawi\Downloads\Compressed\apache-jmeter-5.6.3\lib\ext\jmeter-plugins-perfmon-2.1.jar with filter ExtendsClassFilter [parents=[interface org.apache.jmeter.functions.Function], inner=false, contains=null, notContains=null]. Consider exposing JMeter plugins via META-INF/services, and add JMeter-Skip-Class-Scanning=true manifest attribute so JMeter can skip classfile scanning
2026-04-13 14:31:01,048 INFO o.a.j.r.ClassFinder: Will scan jar C:\Users\Ahmed EL-Sharkawi\Downloads\Compressed\apache-jmeter-5.6.3\lib\ext\json-lib-2.4-jdk15.jar with filter ExtendsClassFilter [parents=[interface org.apache.jmeter.functions.Function], inner=false, contains=null, notContains=null]. Consider exposing JMeter plugins via META-INF/services, and add JMeter-Skip-Class-Scanning=true manifest attribute so JMeter can skip classfile scanning
2026-04-13 14:31:01,082 INFO o.a.j.r.ClassFinder: Will scan jar C:\Users\Ahmed EL-Sharkawi\Downloads\Compressed\apache-jmeter-5.6.3\lib\ext\jmeter-plugins-casutg-3.1.1.jar with filter ExtendsClassFilter [parents=[interface org.apache.jmeter.functions.Function], inner=false, contains=null, notContains=null]. Consider exposing JMeter plugins via META-INF/services, and add JMeter-Skip-Class-Scanning=true manifest attribute so JMeter can skip classfile scanning
2026-04-13 14:31:01,098 INFO o.a.j.r.ClassFinder: Will scan jar C:\Users\Ahmed EL-Sharkawi\Downloads\Compressed\apache-jmeter-5.6.3\lib\ext\jmeter-plugins-tst-2.6.jar with filter ExtendsClassFilter [parents=[interface org.apache.jmeter.functions.Function], inner=false, contains=null, notContains=null]. Consider exposing JMeter plugins via META-INF/services, and add JMeter-Skip-Class-Scanning=true manifest attribute so JMeter can skip classfile scanning
2026-04-13 14:31:01,098 INFO o.a.j.r.ClassFinder: Will scan jar C:\Users\Ahmed EL-Sharkawi\Downloads\Compressed\apache-jmeter-5.6.3\lib\ext\jmeter-plugins-dummy-0.4.jar with filter ExtendsClassFilter [parents=[interface org.apache.jmeter.functions.Function], inner=false, contains=null, notContains=null]. Consider exposing JMeter plugins via META-INF/services, and add JMeter-Skip-Class-Scanning=true manifest attribute so JMeter can skip classfile scanning
2026-04-13 14:31:01,115 INFO o.a.j.r.ClassFinder: Will scan jar C:\Users\Ahmed EL-Sharkawi\Downloads\Compressed\apache-jmeter-5.6.3\lib\ext\jmeter-plugins-manager-1.12.jar with filter ExtendsClassFilter [parents=[interface org.apache.jmeter.functions.Function], inner=false, contains=null, notContains=null]. Consider exposing JMeter plugins via META-INF/services, and add JMeter-Skip-Class-Scanning=true manifest attribute so JMeter can skip classfile scanning
2026-04-13 14:31:01,315 INFO o.a.j.r.ClassFinder: Will scan jar C:\Users\Ahmed EL-Sharkawi\Downloads\Compressed\apache-jmeter-5.6.3\lib\ext\cmdrunner-2.3.jar with filter ExtendsClassFilter [parents=[interface org.apache.jmeter.functions.Function], inner=false, contains=null, notContains=null]. Consider exposing JMeter plugins via META-INF/services, and add JMeter-Skip-Class-Scanning=true manifest attribute so JMeter can skip classfile scanning
2026-04-13 14:31:01,315 INFO o.a.j.r.ClassFinder: Will scan jar C:\Users\Ahmed EL-Sharkawi\Downloads\Compressed\apache-jmeter-5.6.3\lib\ext\perfmon-2.2.2.jar with filter ExtendsClassFilter [parents=[interface org.apache.jmeter.functions.Function], inner=false, contains=null, notContains=null]. Consider exposing JMeter plugins via META-INF/services, and add JMeter-Skip-Class-Scanning=true manifest attribute so JMeter can skip classfile scanning
2026-04-13 14:31:01,332 INFO o.a.j.r.ClassFinder: Will scan jar C:\Users\Ahmed EL-Sharkawi\Downloads\Compressed\apache-jmeter-5.6.3\lib\ext\jmeter-plugins-cmn-jmeter-0.7.jar with filter ExtendsClassFilter [parents=[interface org.apache.jmeter.functions.Function], inner=false, contains=null, notContains=null]. Consider exposing JMeter plugins via META-INF/services, and add JMeter-Skip-Class-Scanning=true manifest attribute so JMeter can skip classfile scanning
2026-04-13 14:31:01,382 INFO o.a.j.r.ClassFinder: Will scan jar C:\Users\Ahmed EL-Sharkawi\Downloads\Compressed\apache-jmeter-5.6.3\lib\ext\jmeter-plugins-graphs-basic-2.0.jar with filter ExtendsClassFilter [parents=[interface org.apache.jmeter.functions.Function], inner=false, contains=null, notContains=null]. Consider exposing JMeter plugins via META-INF/services, and add JMeter-Skip-Class-Scanning=true manifest attribute so JMeter can skip classfile scanning
2026-04-13 14:31:01,382 INFO o.a.j.r.ClassFinder: Will scan jar C:\Users\Ahmed EL-Sharkawi\Downloads\Compressed\apache-jmeter-5.6.3\lib\ext\jmeter-plugins-autostop-0.3.jar with filter ExtendsClassFilter [parents=[interface org.apache.jmeter.functions.Function], inner=false, contains=null, notContains=null]. Consider exposing JMeter plugins via META-INF/services, and add JMeter-Skip-Class-Scanning=true manifest attribute so JMeter can skip classfile scanning
2026-04-13 14:31:01,398 INFO o.a.j.r.ClassFinder: Will scan jar C:\Users\Ahmed EL-Sharkawi\Downloads\Compressed\apache-jmeter-5.6.3\lib\ext\jmeter-plugins-ffw-2.0.jar with filter ExtendsClassFilter [parents=[interface org.apache.jmeter.functions.Function], inner=false, contains=null, notContains=null]. Consider exposing JMeter plugins via META-INF/services, and add JMeter-Skip-Class-Scanning=true manifest attribute so JMeter can skip classfile scanning
2026-04-13 14:31:01,416 INFO o.a.j.r.ResultCollector: Folder at C:\Users\Ahmed EL-Sharkawi\Desktop\Performance\results was created
2026-04-13 14:31:01,432 INFO o.a.j.JMeter: Running test (1776083461432)
2026-04-13 14:31:01,473 INFO o.a.j.e.StandardJMeterEngine: Starting ThreadGroup: 1 : Load Testing Thread
2026-04-13 14:31:01,473 INFO o.a.j.e.StandardJMeterEngine: Starting 40 threads for group Load Testing Thread.
2026-04-13 14:31:01,473 INFO o.a.j.e.StandardJMeterEngine: Thread will continue on error
2026-04-13 14:31:01,473 INFO o.a.j.t.ThreadGroup: Starting thread group... number=1 threads=40 ramp-up=1 delayedStart=false
2026-04-13 14:31:01,482 INFO o.a.j.t.JMeterThread: Thread started: Load Testing Thread 1-1
2026-04-13 14:31:01,507 INFO o.a.j.t.JMeterThread: Thread started: Load Testing Thread 1-2
2026-04-13 14:31:01,544 INFO o.a.j.t.JMeterThread: Thread started: Load Testing Thread 1-3
2026-04-13 14:31:01,546 INFO o.a.j.t.ThreadGroup: Started thread group number 1
2026-04-13 14:31:01,547 INFO o.a.j.e.StandardJMeterEngine: Starting ThreadGroup: 2 : Stress Testing Thread
2026-04-13 14:31:01,552 INFO o.a.j.e.StandardJMeterEngine: Starting 60 threads for group Stress Testing Thread.
2026-04-13 14:31:01,552 INFO o.a.j.e.StandardJMeterEngine: Thread will continue on error
2026-04-13 14:31:01,552 INFO o.a.j.t.ThreadGroup: Starting thread group... number=2 threads=60 ramp-up=1 delayedStart=false
2026-04-13 14:31:01,561 INFO o.a.j.t.JMeterThread: Thread started: Stress Testing Thread 2-1
2026-04-13 14:31:01,567 INFO o.a.j.t.JMeterThread: Thread started: Load Testing Thread 1-4
2026-04-13 14:31:01,576 INFO o.a.j.t.JMeterThread: Thread started: Stress Testing Thread 2-2
2026-04-13 14:31:01,587 INFO o.a.j.t.JMeterThread: Thread started: Load Testing Thread 1-5
2026-04-13 14:31:01,604 INFO o.a.j.t.JMeterThread: Thread started: Stress Testing Thread 2-3
2026-04-13 14:31:01,606 INFO o.a.j.t.JMeterThread: Thread started: Load Testing Thread 1-6
2026-04-13 14:31:01,621 INFO o.a.j.t.JMeterThread: Thread started: Stress Testing Thread 2-4
2026-04-13 14:31:01,638 INFO o.a.j.t.JMeterThread: Thread started: Load Testing Thread 1-7
2026-04-13 14:31:01,641 INFO o.a.j.t.JMeterThread: Thread started: Stress Testing Thread 2-5
2026-04-13 14:31:01,644 INFO o.a.j.t.ThreadGroup: Started thread group number 2
2026-04-13 14:31:01,644 INFO o.a.j.e.StandardJMeterEngine: Starting ThreadGroup: 3 : Soak Testing Thread
2026-04-13 14:31:01,644 INFO o.a.j.e.StandardJMeterEngine: Starting 30 threads for group Soak Testing Thread.
2026-04-13 14:31:01,644 INFO o.a.j.e.StandardJMeterEngine: Thread will continue on error
2026-04-13 14:31:01,645 INFO o.a.j.t.ThreadGroup: Starting thread group... number=3 threads=30 ramp-up=1 delayedStart=false
2026-04-13 14:31:01,654 INFO o.a.j.t.JMeterThread: Thread started: Load Testing Thread 1-8
2026-04-13 14:31:01,655 INFO o.a.j.t.JMeterThread: Thread started: Stress Testing Thread 2-6
2026-04-13 14:31:01,688 INFO o.a.j.t.ThreadGroup: Started thread group number 3
2026-04-13 14:31:01,688 INFO o.a.j.e.StandardJMeterEngine: Starting ThreadGroup: 4 : Spike Testing Thread
2026-04-13 14:31:01,686 INFO o.a.j.t.JMeterThread: Thread started: Stress Testing Thread 2-7
2026-04-13 14:31:01,689 INFO o.a.j.e.StandardJMeterEngine: Starting 110 threads for group Spike Testing Thread.
2026-04-13 14:31:01,689 INFO o.a.j.e.StandardJMeterEngine: Thread will continue on error
2026-04-13 14:31:01,690 INFO k.a.j.t.AbstractSimpleThreadGroup: Starting thread group number 4 threads 110
2026-04-13 14:31:01,693 INFO o.a.j.t.JMeterThread: Thread started: Load Testing Thread 1-9
2026-04-13 14:31:01,696 INFO o.a.j.t.JMeterThread: Thread started: Stress Testing Thread 2-8
2026-04-13 14:31:01,710 INFO o.a.j.t.JMeterThread: Thread started: Load Testing Thread 1-10
2026-04-13 14:31:01,713 INFO o.a.j.t.JMeterThread: Thread started: Soak Testing Thread 3-1
2026-04-13 14:31:01,723 INFO o.a.j.t.JMeterThread: Thread started: Stress Testing Thread 2-9
2026-04-13 14:31:01,745 INFO o.a.j.t.JMeterThread: Thread started: Load Testing Thread 1-11
2026-04-13 14:31:01,756 INFO o.a.j.t.JMeterThread: Thread started: Stress Testing Thread 2-10
2026-04-13 14:31:01,758 INFO o.a.j.t.JMeterThread: Thread started: Stress Testing Thread 2-11
2026-04-13 14:31:01,759 INFO o.a.j.t.JMeterThread: Thread started: Load Testing Thread 1-12
2026-04-13 14:31:01,761 INFO o.a.j.t.JMeterThread: Thread started: Soak Testing Thread 3-2
2026-04-13 14:31:01,771 INFO o.a.j.t.JMeterThread: Thread started: Stress Testing Thread 2-12
2026-04-13 14:31:01,778 INFO o.a.j.t.JMeterThread: Thread started: Load Testing Thread 1-13
2026-04-13 14:31:01,788 INFO o.a.j.t.JMeterThread: Thread started: Stress Testing Thread 2-13
2026-04-13 14:31:01,789 INFO o.a.j.t.JMeterThread: Thread started: Soak Testing Thread 3-3
2026-04-13 14:31:01,802 INFO o.a.j.t.JMeterThread: Thread started: Load Testing Thread 1-14
2026-04-13 14:31:01,811 INFO o.a.j.t.JMeterThread: Thread started: Stress Testing Thread 2-14
2026-04-13 14:31:01,819 INFO o.a.j.t.JMeterThread: Thread started: Soak Testing Thread 3-4
2026-04-13 14:31:01,837 INFO k.a.j.t.AbstractSimpleThreadGroup: Started thread group number 4
2026-04-13 14:31:01,837 INFO o.a.j.e.StandardJMeterEngine: All thread groups have been started
2026-04-13 14:31:01,828 INFO o.a.j.t.JMeterThread: Thread started: Load Testing Thread 1-15
2026-04-13 14:31:01,840 INFO o.a.j.t.JMeterThread: Thread started: Stress Testing Thread 2-15
2026-04-13 14:31:01,873 INFO o.a.j.t.JMeterThread: Thread started: Stress Testing Thread 2-16
2026-04-13 14:31:01,879 INFO o.a.j.t.JMeterThread: Thread started: Soak Testing Thread 3-5
2026-04-13 14:31:01,885 INFO o.a.j.t.JMeterThread: Thread started: Load Testing Thread 1-16
2026-04-13 14:31:01,891 INFO o.a.j.t.JMeterThread: Thread started: Stress Testing Thread 2-17
2026-04-13 14:31:01,892 INFO o.a.j.t.JMeterThread: Thread started: Stress Testing Thread 2-18
2026-04-13 14:31:01,892 INFO o.a.j.t.JMeterThread: Thread started: Load Testing Thread 1-17
2026-04-13 14:31:01,893 INFO o.a.j.t.JMeterThread: Thread started: Soak Testing Thread 3-6
2026-04-13 14:31:01,894 INFO o.a.j.t.JMeterThread: Thread started: Stress Testing Thread 2-19
2026-04-13 14:31:01,901 INFO o.a.j.t.JMeterThread: Thread started: Load Testing Thread 1-18
2026-04-13 14:31:01,909 INFO o.a.j.t.JMeterThread: Thread started: Stress Testing Thread 2-20
2026-04-13 14:31:01,918 INFO o.a.j.t.JMeterThread: Thread started: Soak Testing Thread 3-7
2026-04-13 14:31:01,925 INFO o.a.j.t.JMeterThread: Thread started: Stress Testing Thread 2-21
2026-04-13 14:31:01,926 INFO o.a.j.t.JMeterThread: Thread started: Load Testing Thread 1-19
2026-04-13 14:31:01,942 INFO o.a.j.t.JMeterThread: Thread started: Stress Testing Thread 2-22
2026-04-13 14:31:01,951 INFO o.a.j.t.JMeterThread: Thread started: Soak Testing Thread 3-8
2026-04-13 14:31:01,953 INFO o.a.j.t.JMeterThread: Thread started: Load Testing Thread 1-20
2026-04-13 14:31:01,953 INFO o.a.j.t.JMeterThread: Thread started: Stress Testing Thread 2-23
2026-04-13 14:31:01,969 INFO o.a.j.t.JMeterThread: Thread started: Stress Testing Thread 2-24
2026-04-13 14:31:01,978 INFO o.a.j.t.JMeterThread: Thread started: Load Testing Thread 1-21
2026-04-13 14:31:01,985 INFO o.a.j.t.JMeterThread: Thread started: Stress Testing Thread 2-25
2026-04-13 14:31:01,993 INFO o.a.j.t.JMeterThread: Thread started: Soak Testing Thread 3-9
2026-04-13 14:31:02,002 INFO o.a.j.t.JMeterThread: Thread started: Stress Testing Thread 2-26
2026-04-13 14:31:02,007 INFO o.a.j.t.JMeterThread: Thread started: Load Testing Thread 1-22
2026-04-13 14:31:02,017 INFO o.a.j.t.JMeterThread: Thread started: Stress Testing Thread 2-27
2026-04-13 14:31:02,032 INFO o.a.j.t.JMeterThread: Thread started: Load Testing Thread 1-23
2026-04-13 14:31:02,038 INFO o.a.j.t.JMeterThread: Thread started: Soak Testing Thread 3-10
2026-04-13 14:31:02,043 INFO o.a.j.t.JMeterThread: Thread started: Stress Testing Thread 2-28
2026-04-13 14:31:02,054 INFO o.a.j.t.JMeterThread: Thread started: Load Testing Thread 1-24
2026-04-13 14:31:02,058 INFO o.a.j.t.JMeterThread: Thread started: Stress Testing Thread 2-29
2026-04-13 14:31:02,076 INFO o.a.j.t.JMeterThread: Thread started: Soak Testing Thread 3-11
2026-04-13 14:31:02,078 INFO o.a.j.t.JMeterThread: Thread started: Load Testing Thread 1-25
2026-04-13 14:31:02,078 INFO o.a.j.t.JMeterThread: Thread started: Stress Testing Thread 2-30
2026-04-13 14:31:02,092 INFO o.a.j.t.JMeterThread: Thread started: Stress Testing Thread 2-31
2026-04-13 14:31:02,109 INFO o.a.j.t.JMeterThread: Thread started: Stress Testing Thread 2-32
2026-04-13 14:31:02,115 INFO o.a.j.t.JMeterThread: Thread started: Load Testing Thread 1-26
2026-04-13 14:31:02,117 INFO o.a.j.t.JMeterThread: Thread started: Soak Testing Thread 3-12
2026-04-13 14:31:02,126 INFO o.a.j.t.JMeterThread: Thread started: Stress Testing Thread 2-33
2026-04-13 14:31:02,128 INFO o.a.j.t.JMeterThread: Thread started: Load Testing Thread 1-27
2026-04-13 14:31:02,139 INFO o.a.j.t.JMeterThread: Thread started: Stress Testing Thread 2-34
2026-04-13 14:31:02,144 INFO o.a.j.t.JMeterThread: Thread started: Soak Testing Thread 3-13
2026-04-13 14:31:02,156 INFO o.a.j.t.JMeterThread: Thread started: Stress Testing Thread 2-35
2026-04-13 14:31:02,176 INFO o.a.j.t.JMeterThread: Thread started: Soak Testing Thread 3-14
2026-04-13 14:31:02,180 INFO o.a.j.t.JMeterThread: Thread started: Stress Testing Thread 2-36
2026-04-13 14:31:02,180 INFO o.a.j.t.JMeterThread: Thread started: Load Testing Thread 1-28
2026-04-13 14:31:02,191 INFO o.a.j.t.JMeterThread: Thread started: Load Testing Thread 1-29
2026-04-13 14:31:02,193 INFO o.a.j.t.JMeterThread: Thread started: Spike Testing Thread 4-10
2026-04-13 14:31:02,195 INFO o.a.j.t.JMeterThread: Thread started: Stress Testing Thread 2-37
2026-04-13 14:31:02,215 INFO o.a.j.t.JMeterThread: Thread started: Stress Testing Thread 2-38
2026-04-13 14:31:02,216 INFO o.a.j.t.JMeterThread: Thread started: Load Testing Thread 1-30
2026-04-13 14:31:02,218 INFO o.a.j.t.JMeterThread: Thread started: Soak Testing Thread 3-15
2026-04-13 14:31:02,224 INFO o.a.j.t.JMeterThread: Thread started: Stress Testing Thread 2-39
2026-04-13 14:31:02,241 INFO o.a.j.t.JMeterThread: Thread started: Load Testing Thread 1-31
2026-04-13 14:31:02,241 INFO o.a.j.t.JMeterThread: Thread started: Stress Testing Thread 2-40
2026-04-13 14:31:02,247 INFO o.a.j.t.JMeterThread: Thread started: Soak Testing Thread 3-16
2026-04-13 14:31:02,259 INFO o.a.j.t.JMeterThread: Thread started: Stress Testing Thread 2-41
2026-04-13 14:31:02,267 INFO o.a.j.t.JMeterThread: Thread started: Load Testing Thread 1-32
2026-04-13 14:31:02,275 INFO o.a.j.t.JMeterThread: Thread started: Stress Testing Thread 2-42
2026-04-13 14:31:02,289 INFO o.a.j.t.JMeterThread: Thread started: Soak Testing Thread 3-17
2026-04-13 14:31:02,290 INFO o.a.j.t.JMeterThread: Thread started: Load Testing Thread 1-33
2026-04-13 14:31:02,295 INFO o.a.j.t.JMeterThread: Thread started: Stress Testing Thread 2-43
2026-04-13 14:31:02,315 INFO o.a.j.t.JMeterThread: Thread started: Load Testing Thread 1-34
2026-04-13 14:31:02,314 INFO o.a.j.t.JMeterThread: Thread started: Stress Testing Thread 2-44
2026-04-13 14:31:02,329 INFO o.a.j.t.JMeterThread: Thread started: Soak Testing Thread 3-18
2026-04-13 14:31:02,336 INFO o.a.j.t.JMeterThread: Thread started: Stress Testing Thread 2-45
2026-04-13 14:31:02,342 INFO o.a.j.t.JMeterThread: Thread started: Load Testing Thread 1-35
2026-04-13 14:31:02,361 INFO o.a.j.t.JMeterThread: Thread started: Soak Testing Thread 3-19
2026-04-13 14:31:02,363 INFO o.a.j.t.JMeterThread: Thread started: Stress Testing Thread 2-46
2026-04-13 14:31:02,365 INFO o.a.j.t.JMeterThread: Thread started: Load Testing Thread 1-36
2026-04-13 14:31:02,368 INFO o.a.j.t.JMeterThread: Thread started: Stress Testing Thread 2-47
2026-04-13 14:31:02,385 INFO o.a.j.t.JMeterThread: Thread started: Stress Testing Thread 2-48
2026-04-13 14:31:02,391 INFO o.a.j.t.JMeterThread: Thread started: Load Testing Thread 1-37
2026-04-13 14:31:02,394 INFO o.a.j.t.JMeterThread: Thread started: Soak Testing Thread 3-20
2026-04-13 14:31:02,411 INFO o.a.j.t.JMeterThread: Thread started: Stress Testing Thread 2-49
2026-04-13 14:31:02,412 INFO o.a.j.t.JMeterThread: Thread started: Load Testing Thread 1-38
2026-04-13 14:31:02,426 INFO o.a.j.t.JMeterThread: Thread started: Soak Testing Thread 3-21
2026-04-13 14:31:02,436 INFO o.a.j.t.JMeterThread: Thread started: Load Testing Thread 1-39
2026-04-13 14:31:02,442 INFO o.a.j.t.JMeterThread: Thread started: Stress Testing Thread 2-50
2026-04-13 14:31:02,459 INFO o.a.j.t.JMeterThread: Thread started: Stress Testing Thread 2-51
2026-04-13 14:31:02,460 INFO o.a.j.t.JMeterThread: Thread started: Soak Testing Thread 3-22
2026-04-13 14:31:02,461 INFO o.a.j.t.JMeterThread: Thread started: Load Testing Thread 1-40
2026-04-13 14:31:02,478 INFO o.a.j.t.JMeterThread: Thread started: Stress Testing Thread 2-52
2026-04-13 14:31:02,491 INFO o.a.j.t.JMeterThread: Thread started: Soak Testing Thread 3-23
2026-04-13 14:31:02,505 INFO o.a.j.t.JMeterThread: Thread started: Stress Testing Thread 2-53
2026-04-13 14:31:02,522 INFO o.a.j.t.JMeterThread: Thread started: Stress Testing Thread 2-54
2026-04-13 14:31:02,524 INFO o.a.j.t.JMeterThread: Thread started: Soak Testing Thread 3-24
2026-04-13 14:31:02,555 INFO o.a.j.t.JMeterThread: Thread started: Stress Testing Thread 2-56
2026-04-13 14:31:02,562 INFO o.a.j.t.JMeterThread: Thread started: Soak Testing Thread 3-25
2026-04-13 14:31:02,571 INFO o.a.j.t.JMeterThread: Thread started: Stress Testing Thread 2-57
2026-04-13 14:31:02,590 INFO o.a.j.t.JMeterThread: Thread started: Stress Testing Thread 2-58
2026-04-13 14:31:02,602 INFO o.a.j.t.JMeterThread: Thread started: Soak Testing Thread 3-26
2026-04-13 14:31:02,618 INFO o.a.j.t.JMeterThread: Thread started: Stress Testing Thread 2-59
2026-04-13 14:31:02,626 INFO o.a.j.t.JMeterThread: Thread started: Stress Testing Thread 2-60
2026-04-13 14:31:02,635 INFO o.a.j.t.JMeterThread: Thread started: Soak Testing Thread 3-27
2026-04-13 14:31:02,657 INFO o.a.j.t.JMeterThread: Thread started: Stress Testing Thread 2-55
2026-04-13 14:31:02,672 INFO o.a.j.t.JMeterThread: Thread started: Soak Testing Thread 3-28
2026-04-13 14:31:02,690 INFO o.a.j.t.JMeterThread: Thread started: Spike Testing Thread 4-9
2026-04-13 14:31:02,697 INFO o.a.j.t.JMeterThread: Thread started: Soak Testing Thread 3-29
2026-04-13 14:31:02,730 INFO o.a.j.t.JMeterThread: Thread started: Soak Testing Thread 3-30
2026-04-13 14:31:03,191 INFO o.a.j.t.JMeterThread: Thread started: Spike Testing Thread 4-8
2026-04-13 14:31:03,691 INFO o.a.j.t.JMeterThread: Thread started: Spike Testing Thread 4-7
2026-04-13 14:31:04,191 INFO o.a.j.t.JMeterThread: Thread started: Spike Testing Thread 4-6
2026-04-13 14:31:04,690 INFO o.a.j.t.JMeterThread: Thread started: Spike Testing Thread 4-5
2026-04-13 14:31:05,191 INFO o.a.j.t.JMeterThread: Thread started: Spike Testing Thread 4-4
2026-04-13 14:31:05,542 INFO o.a.j.p.h.s.HTTPHCAbstractImpl: Local host = DESKTOP-62IUQV0
2026-04-13 14:31:05,555 INFO o.a.j.p.h.s.HTTPHC4Impl: HTTP request retry count = 0
2026-04-13 14:31:05,558 INFO o.a.j.s.SampleResult: Note: Sample TimeStamps are START times
2026-04-13 14:31:05,558 INFO o.a.j.s.SampleResult: sampleresult.default.encoding is set to UTF-8
2026-04-13 14:31:05,558 INFO o.a.j.s.SampleResult: sampleresult.useNanoTime=true
2026-04-13 14:31:05,558 INFO o.a.j.s.SampleResult: sampleresult.nanoThreadSleep=5000
2026-04-13 14:31:05,690 INFO o.a.j.t.JMeterThread: Thread started: Spike Testing Thread 4-3
2026-04-13 14:31:05,892 INFO o.a.j.p.h.s.h.LazyLayeredConnectionSocketFactory: Setting up HTTPS TrustAll Socket Factory
2026-04-13 14:31:05,910 INFO o.a.j.u.JsseSSLManager: Using default SSL protocol: TLS
2026-04-13 14:31:05,910 INFO o.a.j.u.JsseSSLManager: SSL session context: per-thread
2026-04-13 14:31:06,148 INFO o.a.j.u.SSLManager: JmeterKeyStore Location:  type JKS
2026-04-13 14:31:06,175 INFO o.a.j.u.SSLManager: KeyStore created OK
2026-04-13 14:31:06,175 WARN o.a.j.u.SSLManager: Keystore file not found, loading empty keystore
2026-04-13 14:31:06,237 INFO o.a.j.t.JMeterThread: Thread started: Spike Testing Thread 4-2
2026-04-13 14:31:06,864 INFO o.a.j.t.JMeterThread: Thread started: Spike Testing Thread 4-1
2026-04-13 14:31:20,531 INFO o.a.j.t.JMeterThread: Thread is done: Stress Testing Thread 2-47
2026-04-13 14:31:20,531 INFO o.a.j.t.JMeterThread: Thread finished: Stress Testing Thread 2-47
2026-04-13 14:31:20,566 INFO o.a.j.t.JMeterThread: Thread is done: Stress Testing Thread 2-51
2026-04-13 14:31:20,566 INFO o.a.j.t.JMeterThread: Thread finished: Stress Testing Thread 2-51
2026-04-13 14:31:20,569 INFO o.a.j.t.JMeterThread: Thread is done: Load Testing Thread 1-31
2026-04-13 14:31:20,569 INFO o.a.j.t.JMeterThread: Thread finished: Load Testing Thread 1-31
2026-04-13 14:31:20,571 INFO o.a.j.t.JMeterThread: Thread is done: Stress Testing Thread 2-5
2026-04-13 14:31:20,572 INFO o.a.j.t.JMeterThread: Thread finished: Stress Testing Thread 2-5
2026-04-13 14:31:20,580 INFO o.a.j.t.JMeterThread: Thread is done: Stress Testing Thread 2-21
2026-04-13 14:31:20,580 INFO o.a.j.t.JMeterThread: Thread finished: Stress Testing Thread 2-21
2026-04-13 14:31:20,580 INFO o.a.j.t.JMeterThread: Thread is done: Stress Testing Thread 2-38
2026-04-13 14:31:20,580 INFO o.a.j.t.JMeterThread: Thread finished: Stress Testing Thread 2-38
2026-04-13 14:31:20,598 INFO o.a.j.t.JMeterThread: Thread is done: Stress Testing Thread 2-32
2026-04-13 14:31:20,598 INFO o.a.j.t.JMeterThread: Thread finished: Stress Testing Thread 2-32
2026-04-13 14:31:20,610 INFO o.a.j.t.JMeterThread: Thread is done: Load Testing Thread 1-35
2026-04-13 14:31:20,610 INFO o.a.j.t.JMeterThread: Thread finished: Load Testing Thread 1-35
2026-04-13 14:31:20,617 INFO o.a.j.t.JMeterThread: Thread is done: Load Testing Thread 1-10
2026-04-13 14:31:20,617 INFO o.a.j.t.JMeterThread: Thread finished: Load Testing Thread 1-10
2026-04-13 14:31:20,618 INFO o.a.j.t.JMeterThread: Thread is done: Stress Testing Thread 2-42
2026-04-13 14:31:20,619 INFO o.a.j.t.JMeterThread: Thread finished: Stress Testing Thread 2-42
2026-04-13 14:31:20,619 INFO o.a.j.t.JMeterThread: Thread is done: Stress Testing Thread 2-8
2026-04-13 14:31:20,620 INFO o.a.j.t.JMeterThread: Thread finished: Stress Testing Thread 2-8
2026-04-13 14:31:20,624 INFO o.a.j.t.JMeterThread: Thread is done: Load Testing Thread 1-7
2026-04-13 14:31:20,624 INFO o.a.j.t.JMeterThread: Thread finished: Load Testing Thread 1-7
2026-04-13 14:31:20,625 INFO o.a.j.t.JMeterThread: Thread is done: Load Testing Thread 1-33
2026-04-13 14:31:20,625 INFO o.a.j.t.JMeterThread: Thread finished: Load Testing Thread 1-33
2026-04-13 14:31:20,674 INFO o.a.j.t.JMeterThread: Thread is done: Load Testing Thread 1-8
2026-04-13 14:31:20,674 INFO o.a.j.t.JMeterThread: Thread finished: Load Testing Thread 1-8
2026-04-13 14:31:20,684 INFO o.a.j.t.JMeterThread: Thread is done: Stress Testing Thread 2-34
2026-04-13 14:31:20,684 INFO o.a.j.t.JMeterThread: Thread finished: Stress Testing Thread 2-34
2026-04-13 14:31:20,685 INFO o.a.j.t.JMeterThread: Thread is done: Load Testing Thread 1-25
2026-04-13 14:31:20,685 INFO o.a.j.t.JMeterThread: Thread finished: Load Testing Thread 1-25
2026-04-13 14:31:20,690 INFO o.a.j.t.JMeterThread: Thread is done: Stress Testing Thread 2-23
2026-04-13 14:31:20,690 INFO o.a.j.t.JMeterThread: Thread finished: Stress Testing Thread 2-23
2026-04-13 14:31:20,718 INFO o.a.j.t.JMeterThread: Thread is done: Stress Testing Thread 2-24
2026-04-13 14:31:20,718 INFO o.a.j.t.JMeterThread: Thread finished: Stress Testing Thread 2-24
2026-04-13 14:31:20,721 INFO o.a.j.t.JMeterThread: Thread is done: Stress Testing Thread 2-15
2026-04-13 14:31:20,722 INFO o.a.j.t.JMeterThread: Thread finished: Stress Testing Thread 2-15
2026-04-13 14:31:20,726 INFO o.a.j.t.JMeterThread: Thread is done: Load Testing Thread 1-36
2026-04-13 14:31:20,726 INFO o.a.j.t.JMeterThread: Thread finished: Load Testing Thread 1-36
2026-04-13 14:31:20,728 INFO o.a.j.t.JMeterThread: Thread is done: Stress Testing Thread 2-3
2026-04-13 14:31:20,728 INFO o.a.j.t.JMeterThread: Thread finished: Stress Testing Thread 2-3
2026-04-13 14:31:20,734 INFO o.a.j.t.JMeterThread: Thread is done: Load Testing Thread 1-38
2026-04-13 14:31:20,734 INFO o.a.j.t.JMeterThread: Thread finished: Load Testing Thread 1-38
2026-04-13 14:31:20,747 INFO o.a.j.t.JMeterThread: Thread is done: Load Testing Thread 1-22
2026-04-13 14:31:20,747 INFO o.a.j.t.JMeterThread: Thread finished: Load Testing Thread 1-22
2026-04-13 14:31:20,760 INFO o.a.j.t.JMeterThread: Thread is done: Stress Testing Thread 2-44
2026-04-13 14:31:20,761 INFO o.a.j.t.JMeterThread: Thread finished: Stress Testing Thread 2-44
2026-04-13 14:31:20,765 INFO o.a.j.t.JMeterThread: Thread is done: Load Testing Thread 1-28
2026-04-13 14:31:20,765 INFO o.a.j.t.JMeterThread: Thread finished: Load Testing Thread 1-28
2026-04-13 14:31:20,767 INFO o.a.j.t.JMeterThread: Thread is done: Stress Testing Thread 2-45
2026-04-13 14:31:20,767 INFO o.a.j.t.JMeterThread: Thread finished: Stress Testing Thread 2-45
2026-04-13 14:31:20,773 INFO o.a.j.t.JMeterThread: Thread is done: Load Testing Thread 1-4
2026-04-13 14:31:20,773 INFO o.a.j.t.JMeterThread: Thread finished: Load Testing Thread 1-4
2026-04-13 14:31:20,773 INFO o.a.j.t.JMeterThread: Thread is done: Load Testing Thread 1-21
2026-04-13 14:31:20,773 INFO o.a.j.t.JMeterThread: Thread finished: Load Testing Thread 1-21
2026-04-13 14:31:20,778 INFO o.a.j.t.JMeterThread: Thread is done: Stress Testing Thread 2-40
2026-04-13 14:31:20,778 INFO o.a.j.t.JMeterThread: Thread finished: Stress Testing Thread 2-40
2026-04-13 14:31:20,792 INFO o.a.j.t.JMeterThread: Thread is done: Stress Testing Thread 2-53
2026-04-13 14:31:20,793 INFO o.a.j.t.JMeterThread: Thread finished: Stress Testing Thread 2-53
2026-04-13 14:31:20,793 INFO o.a.j.t.JMeterThread: Thread is done: Stress Testing Thread 2-31
2026-04-13 14:31:20,793 INFO o.a.j.t.JMeterThread: Thread finished: Stress Testing Thread 2-31
2026-04-13 14:31:20,798 INFO o.a.j.t.JMeterThread: Thread is done: Stress Testing Thread 2-19
2026-04-13 14:31:20,798 INFO o.a.j.t.JMeterThread: Thread finished: Stress Testing Thread 2-19
2026-04-13 14:31:20,811 INFO o.a.j.t.JMeterThread: Thread is done: Load Testing Thread 1-20
2026-04-13 14:31:20,811 INFO o.a.j.t.JMeterThread: Thread is done: Stress Testing Thread 2-7
2026-04-13 14:31:20,813 INFO o.a.j.t.JMeterThread: Thread finished: Stress Testing Thread 2-7
2026-04-13 14:31:20,814 INFO o.a.j.t.JMeterThread: Thread finished: Load Testing Thread 1-20
2026-04-13 14:31:20,814 INFO o.a.j.t.JMeterThread: Thread is done: Stress Testing Thread 2-39
2026-04-13 14:31:20,815 INFO o.a.j.t.JMeterThread: Thread finished: Stress Testing Thread 2-39
2026-04-13 14:31:20,828 INFO o.a.j.t.JMeterThread: Thread is done: Load Testing Thread 1-37
2026-04-13 14:31:20,828 INFO o.a.j.t.JMeterThread: Thread finished: Load Testing Thread 1-37
2026-04-13 14:31:20,834 INFO o.a.j.t.JMeterThread: Thread is done: Stress Testing Thread 2-14
2026-04-13 14:31:20,834 INFO o.a.j.t.JMeterThread: Thread finished: Stress Testing Thread 2-14
2026-04-13 14:31:20,844 INFO o.a.j.t.JMeterThread: Thread is done: Stress Testing Thread 2-22
2026-04-13 14:31:20,844 INFO o.a.j.t.JMeterThread: Thread finished: Stress Testing Thread 2-22
2026-04-13 14:31:20,846 INFO o.a.j.t.JMeterThread: Thread is done: Stress Testing Thread 2-13
2026-04-13 14:31:20,846 INFO o.a.j.t.JMeterThread: Thread finished: Stress Testing Thread 2-13
2026-04-13 14:31:20,846 INFO o.a.j.t.JMeterThread: Thread is done: Load Testing Thread 1-5
2026-04-13 14:31:20,846 INFO o.a.j.t.JMeterThread: Thread finished: Load Testing Thread 1-5
2026-04-13 14:31:20,880 INFO o.a.j.t.JMeterThread: Thread is done: Stress Testing Thread 2-6
2026-04-13 14:31:20,880 INFO o.a.j.t.JMeterThread: Thread finished: Stress Testing Thread 2-6
2026-04-13 14:31:20,880 INFO o.a.j.t.JMeterThread: Thread is done: Load Testing Thread 1-34
2026-04-13 14:31:20,884 INFO o.a.j.t.JMeterThread: Thread finished: Load Testing Thread 1-34
2026-04-13 14:31:20,884 INFO o.a.j.t.JMeterThread: Thread is done: Stress Testing Thread 2-9
2026-04-13 14:31:20,884 INFO o.a.j.t.JMeterThread: Thread finished: Stress Testing Thread 2-9
2026-04-13 14:31:20,896 INFO o.a.j.t.JMeterThread: Thread is done: Load Testing Thread 1-19
2026-04-13 14:31:20,896 INFO o.a.j.t.JMeterThread: Thread finished: Load Testing Thread 1-19
2026-04-13 14:31:20,896 INFO o.a.j.t.JMeterThread: Thread is done: Stress Testing Thread 2-1
2026-04-13 14:31:20,896 INFO o.a.j.t.JMeterThread: Thread finished: Stress Testing Thread 2-1
2026-04-13 14:31:20,911 INFO o.a.j.t.JMeterThread: Thread is done: Stress Testing Thread 2-33
2026-04-13 14:31:20,911 INFO o.a.j.t.JMeterThread: Thread finished: Stress Testing Thread 2-33
2026-04-13 14:31:20,911 INFO o.a.j.t.JMeterThread: Thread is done: Stress Testing Thread 2-35
2026-04-13 14:31:20,911 INFO o.a.j.t.JMeterThread: Thread finished: Stress Testing Thread 2-35
2026-04-13 14:31:20,911 INFO o.a.j.t.JMeterThread: Thread is done: Load Testing Thread 1-39
2026-04-13 14:31:20,911 INFO o.a.j.t.JMeterThread: Thread finished: Load Testing Thread 1-39
2026-04-13 14:31:20,926 INFO o.a.j.t.JMeterThread: Thread is done: Stress Testing Thread 2-48
2026-04-13 14:31:20,926 INFO o.a.j.t.JMeterThread: Thread finished: Stress Testing Thread 2-48
2026-04-13 14:31:20,929 INFO o.a.j.t.JMeterThread: Thread is done: Load Testing Thread 1-18
2026-04-13 14:31:20,929 INFO o.a.j.t.JMeterThread: Thread is done: Load Testing Thread 1-27
2026-04-13 14:31:20,929 INFO o.a.j.t.JMeterThread: Thread finished: Load Testing Thread 1-27
2026-04-13 14:31:20,929 INFO o.a.j.t.JMeterThread: Thread finished: Load Testing Thread 1-18
2026-04-13 14:31:20,929 INFO o.a.j.t.JMeterThread: Thread is done: Stress Testing Thread 2-52
2026-04-13 14:31:20,929 INFO o.a.j.t.JMeterThread: Thread finished: Stress Testing Thread 2-52
2026-04-13 14:31:20,945 INFO o.a.j.t.JMeterThread: Thread is done: Load Testing Thread 1-3
2026-04-13 14:31:20,945 INFO o.a.j.t.JMeterThread: Thread finished: Load Testing Thread 1-3
2026-04-13 14:31:20,945 INFO o.a.j.t.JMeterThread: Thread is done: Load Testing Thread 1-14
2026-04-13 14:31:20,945 INFO o.a.j.t.JMeterThread: Thread finished: Load Testing Thread 1-14
2026-04-13 14:31:20,962 INFO o.a.j.t.JMeterThread: Thread is done: Load Testing Thread 1-12
2026-04-13 14:31:20,962 INFO o.a.j.t.JMeterThread: Thread finished: Load Testing Thread 1-12
2026-04-13 14:31:20,962 INFO o.a.j.t.JMeterThread: Thread is done: Load Testing Thread 1-30
2026-04-13 14:31:20,962 INFO o.a.j.t.JMeterThread: Thread finished: Load Testing Thread 1-30
2026-04-13 14:31:20,962 INFO o.a.j.t.JMeterThread: Thread is done: Stress Testing Thread 2-43
2026-04-13 14:31:20,962 INFO o.a.j.t.JMeterThread: Thread finished: Stress Testing Thread 2-43
2026-04-13 14:31:20,978 INFO o.a.j.t.JMeterThread: Thread is done: Stress Testing Thread 2-11
2026-04-13 14:31:20,978 INFO o.a.j.t.JMeterThread: Thread finished: Stress Testing Thread 2-11
2026-04-13 14:31:20,981 INFO o.a.j.t.JMeterThread: Thread is done: Stress Testing Thread 2-29
2026-04-13 14:31:20,983 INFO o.a.j.t.JMeterThread: Thread finished: Stress Testing Thread 2-29
2026-04-13 14:31:20,987 INFO o.a.j.t.JMeterThread: Thread is done: Load Testing Thread 1-23
2026-04-13 14:31:20,987 INFO o.a.j.t.JMeterThread: Thread finished: Load Testing Thread 1-23
2026-04-13 14:31:20,996 INFO o.a.j.t.JMeterThread: Thread is done: Load Testing Thread 1-26
2026-04-13 14:31:20,996 INFO o.a.j.t.JMeterThread: Thread finished: Load Testing Thread 1-26
2026-04-13 14:31:20,996 INFO o.a.j.t.JMeterThread: Thread is done: Load Testing Thread 1-6
2026-04-13 14:31:20,996 INFO o.a.j.t.JMeterThread: Thread finished: Load Testing Thread 1-6
2026-04-13 14:31:20,996 INFO o.a.j.t.JMeterThread: Thread is done: Load Testing Thread 1-16
2026-04-13 14:31:21,010 INFO o.a.j.t.JMeterThread: Thread finished: Load Testing Thread 1-16
2026-04-13 14:31:21,012 INFO o.a.j.t.JMeterThread: Thread is done: Stress Testing Thread 2-4
2026-04-13 14:31:21,013 INFO o.a.j.t.JMeterThread: Thread finished: Stress Testing Thread 2-4
2026-04-13 14:31:21,015 INFO o.a.j.t.JMeterThread: Thread is done: Stress Testing Thread 2-56
2026-04-13 14:31:21,015 INFO o.a.j.t.JMeterThread: Thread finished: Stress Testing Thread 2-56
2026-04-13 14:31:21,017 INFO o.a.j.t.JMeterThread: Thread is done: Stress Testing Thread 2-17
2026-04-13 14:31:21,017 INFO o.a.j.t.JMeterThread: Thread finished: Stress Testing Thread 2-17
2026-04-13 14:31:21,019 INFO o.a.j.t.JMeterThread: Thread is done: Stress Testing Thread 2-10
2026-04-13 14:31:21,019 INFO o.a.j.t.JMeterThread: Thread finished: Stress Testing Thread 2-10
2026-04-13 14:31:21,025 INFO o.a.j.t.JMeterThread: Thread is done: Stress Testing Thread 2-60
2026-04-13 14:31:21,025 INFO o.a.j.t.JMeterThread: Thread finished: Stress Testing Thread 2-60
2026-04-13 14:31:21,029 INFO o.a.j.t.JMeterThread: Thread is done: Stress Testing Thread 2-57
2026-04-13 14:31:21,029 INFO o.a.j.t.JMeterThread: Thread is done: Load Testing Thread 1-1
2026-04-13 14:31:21,036 INFO o.a.j.t.JMeterThread: Thread finished: Stress Testing Thread 2-57
2026-04-13 14:31:21,036 INFO o.a.j.t.JMeterThread: Thread is done: Load Testing Thread 1-24
2026-04-13 14:31:21,037 INFO o.a.j.t.JMeterThread: Thread is done: Stress Testing Thread 2-55
2026-04-13 14:31:21,037 INFO o.a.j.t.JMeterThread: Thread finished: Load Testing Thread 1-24
2026-04-13 14:31:21,038 INFO o.a.j.t.JMeterThread: Thread finished: Load Testing Thread 1-1
2026-04-13 14:31:21,038 INFO o.a.j.t.JMeterThread: Thread finished: Stress Testing Thread 2-55
2026-04-13 14:31:21,045 INFO o.a.j.t.JMeterThread: Thread is done: Load Testing Thread 1-29
2026-04-13 14:31:21,046 INFO o.a.j.t.JMeterThread: Thread is done: Load Testing Thread 1-40
2026-04-13 14:31:21,046 INFO o.a.j.t.JMeterThread: Thread finished: Load Testing Thread 1-40
2026-04-13 14:31:21,046 INFO o.a.j.t.JMeterThread: Thread is done: Load Testing Thread 1-15
2026-04-13 14:31:21,047 INFO o.a.j.t.JMeterThread: Thread finished: Load Testing Thread 1-15
2026-04-13 14:31:21,046 INFO o.a.j.t.JMeterThread: Thread finished: Load Testing Thread 1-29
2026-04-13 14:31:21,051 INFO o.a.j.t.JMeterThread: Thread is done: Stress Testing Thread 2-36
2026-04-13 14:31:21,051 INFO o.a.j.t.JMeterThread: Thread finished: Stress Testing Thread 2-36
2026-04-13 14:31:21,055 INFO o.a.j.t.JMeterThread: Thread is done: Stress Testing Thread 2-58
2026-04-13 14:31:21,055 INFO o.a.j.t.JMeterThread: Thread finished: Stress Testing Thread 2-58
2026-04-13 14:31:21,058 INFO o.a.j.t.JMeterThread: Thread is done: Stress Testing Thread 2-26
2026-04-13 14:31:21,059 INFO o.a.j.t.JMeterThread: Thread finished: Stress Testing Thread 2-26
2026-04-13 14:31:21,062 INFO o.a.j.t.JMeterThread: Thread is done: Stress Testing Thread 2-28
2026-04-13 14:31:21,062 INFO o.a.j.t.JMeterThread: Thread finished: Stress Testing Thread 2-28
2026-04-13 14:31:21,064 INFO o.a.j.t.JMeterThread: Thread is done: Stress Testing Thread 2-59
2026-04-13 14:31:21,064 INFO o.a.j.t.JMeterThread: Thread finished: Stress Testing Thread 2-59
2026-04-13 14:31:21,071 INFO o.a.j.t.JMeterThread: Thread is done: Stress Testing Thread 2-46
2026-04-13 14:31:21,071 INFO o.a.j.t.JMeterThread: Thread finished: Stress Testing Thread 2-46
2026-04-13 14:31:21,078 INFO o.a.j.t.JMeterThread: Thread is done: Load Testing Thread 1-17
2026-04-13 14:31:21,078 INFO o.a.j.t.JMeterThread: Thread finished: Load Testing Thread 1-17
2026-04-13 14:31:21,083 INFO o.a.j.t.JMeterThread: Thread is done: Stress Testing Thread 2-27
2026-04-13 14:31:21,083 INFO o.a.j.t.JMeterThread: Thread finished: Stress Testing Thread 2-27
2026-04-13 14:31:21,085 INFO o.a.j.t.JMeterThread: Thread is done: Stress Testing Thread 2-20
2026-04-13 14:31:21,085 INFO o.a.j.t.JMeterThread: Thread finished: Stress Testing Thread 2-20
2026-04-13 14:31:21,094 INFO o.a.j.t.JMeterThread: Thread is done: Stress Testing Thread 2-2
2026-04-13 14:31:21,094 INFO o.a.j.t.JMeterThread: Thread finished: Stress Testing Thread 2-2
2026-04-13 14:31:21,109 INFO o.a.j.t.JMeterThread: Thread is done: Load Testing Thread 1-32
2026-04-13 14:31:21,109 INFO o.a.j.t.JMeterThread: Thread finished: Load Testing Thread 1-32
2026-04-13 14:31:21,130 INFO o.a.j.t.JMeterThread: Thread is done: Load Testing Thread 1-13
2026-04-13 14:31:21,130 INFO o.a.j.t.JMeterThread: Thread finished: Load Testing Thread 1-13
2026-04-13 14:31:21,130 INFO o.a.j.t.JMeterThread: Thread is done: Load Testing Thread 1-2
2026-04-13 14:31:21,130 INFO o.a.j.t.JMeterThread: Thread finished: Load Testing Thread 1-2
2026-04-13 14:31:21,143 INFO o.a.j.t.JMeterThread: Thread is done: Stress Testing Thread 2-37
2026-04-13 14:31:21,143 INFO o.a.j.t.JMeterThread: Thread finished: Stress Testing Thread 2-37
2026-04-13 14:31:21,160 INFO o.a.j.t.JMeterThread: Thread is done: Stress Testing Thread 2-12
2026-04-13 14:31:21,160 INFO o.a.j.t.JMeterThread: Thread finished: Stress Testing Thread 2-12
2026-04-13 14:31:21,160 INFO o.a.j.t.JMeterThread: Thread is done: Stress Testing Thread 2-49
2026-04-13 14:31:21,160 INFO o.a.j.t.JMeterThread: Thread finished: Stress Testing Thread 2-49
2026-04-13 14:31:21,160 INFO o.a.j.t.JMeterThread: Thread is done: Stress Testing Thread 2-16
2026-04-13 14:31:21,160 INFO o.a.j.t.JMeterThread: Thread finished: Stress Testing Thread 2-16
2026-04-13 14:31:21,160 INFO o.a.j.t.JMeterThread: Thread is done: Load Testing Thread 1-11
2026-04-13 14:31:21,177 INFO o.a.j.t.JMeterThread: Thread finished: Load Testing Thread 1-11
2026-04-13 14:31:21,177 INFO o.a.j.t.JMeterThread: Thread is done: Stress Testing Thread 2-54
2026-04-13 14:31:21,177 INFO o.a.j.t.JMeterThread: Thread finished: Stress Testing Thread 2-54
2026-04-13 14:31:21,177 INFO o.a.j.t.JMeterThread: Thread is done: Stress Testing Thread 2-50
2026-04-13 14:31:21,177 INFO o.a.j.t.JMeterThread: Thread finished: Stress Testing Thread 2-50
2026-04-13 14:31:21,210 INFO o.a.j.t.JMeterThread: Thread is done: Stress Testing Thread 2-41
2026-04-13 14:31:21,210 INFO o.a.j.t.JMeterThread: Thread finished: Stress Testing Thread 2-41
2026-04-13 14:31:21,226 INFO o.a.j.t.JMeterThread: Thread is done: Stress Testing Thread 2-18
2026-04-13 14:31:21,226 INFO o.a.j.t.JMeterThread: Thread finished: Stress Testing Thread 2-18
2026-04-13 14:31:21,226 INFO o.a.j.t.JMeterThread: Thread is done: Stress Testing Thread 2-25
2026-04-13 14:31:21,226 INFO o.a.j.t.JMeterThread: Thread finished: Stress Testing Thread 2-25
2026-04-13 14:31:21,259 INFO o.a.j.t.JMeterThread: Thread is done: Stress Testing Thread 2-30
2026-04-13 14:31:21,259 INFO o.a.j.t.JMeterThread: Thread finished: Stress Testing Thread 2-30
2026-04-13 14:31:21,259 INFO o.a.j.t.JMeterThread: Thread is done: Load Testing Thread 1-9
2026-04-13 14:31:21,259 INFO o.a.j.t.JMeterThread: Thread finished: Load Testing Thread 1-9
2026-04-13 14:31:31,716 INFO o.a.j.t.JMeterThread: Thread started: Spike Testing Thread 4-50
2026-04-13 14:31:31,741 INFO o.a.j.t.JMeterThread: Thread started: Spike Testing Thread 4-49
2026-04-13 14:31:31,766 INFO o.a.j.t.JMeterThread: Thread started: Spike Testing Thread 4-48
2026-04-13 14:31:31,791 INFO o.a.j.t.JMeterThread: Thread started: Spike Testing Thread 4-47
2026-04-13 14:31:31,815 INFO o.a.j.t.JMeterThread: Thread started: Spike Testing Thread 4-46
2026-04-13 14:31:31,841 INFO o.a.j.t.JMeterThread: Thread started: Spike Testing Thread 4-45
2026-04-13 14:31:31,865 INFO o.a.j.t.JMeterThread: Thread started: Spike Testing Thread 4-44
2026-04-13 14:31:31,891 INFO o.a.j.t.JMeterThread: Thread started: Spike Testing Thread 4-43
2026-04-13 14:31:31,916 INFO o.a.j.t.JMeterThread: Thread started: Spike Testing Thread 4-42
2026-04-13 14:31:31,941 INFO o.a.j.t.JMeterThread: Thread started: Spike Testing Thread 4-41
2026-04-13 14:31:31,965 INFO o.a.j.t.JMeterThread: Thread started: Spike Testing Thread 4-40
2026-04-13 14:31:31,990 INFO o.a.j.t.JMeterThread: Thread started: Spike Testing Thread 4-39
2026-04-13 14:31:32,016 INFO o.a.j.t.JMeterThread: Thread started: Spike Testing Thread 4-38
2026-04-13 14:31:32,040 INFO o.a.j.t.JMeterThread: Thread started: Spike Testing Thread 4-37
2026-04-13 14:31:32,067 INFO o.a.j.t.JMeterThread: Thread started: Spike Testing Thread 4-36
2026-04-13 14:31:32,091 INFO o.a.j.t.JMeterThread: Thread started: Spike Testing Thread 4-35
2026-04-13 14:31:32,115 INFO o.a.j.t.JMeterThread: Thread started: Spike Testing Thread 4-34
2026-04-13 14:31:32,141 INFO o.a.j.t.JMeterThread: Thread started: Spike Testing Thread 4-33
2026-04-13 14:31:32,167 INFO o.a.j.t.JMeterThread: Thread started: Spike Testing Thread 4-32
2026-04-13 14:31:32,191 INFO o.a.j.t.JMeterThread: Thread started: Spike Testing Thread 4-31
2026-04-13 14:31:32,215 INFO o.a.j.t.JMeterThread: Thread started: Spike Testing Thread 4-30
2026-04-13 14:31:32,240 INFO o.a.j.t.JMeterThread: Thread started: Spike Testing Thread 4-29
2026-04-13 14:31:32,265 INFO o.a.j.t.JMeterThread: Thread started: Spike Testing Thread 4-28
2026-04-13 14:31:32,291 INFO o.a.j.t.JMeterThread: Thread started: Spike Testing Thread 4-27
2026-04-13 14:31:32,316 INFO o.a.j.t.JMeterThread: Thread started: Spike Testing Thread 4-26
2026-04-13 14:31:32,341 INFO o.a.j.t.JMeterThread: Thread started: Spike Testing Thread 4-25
2026-04-13 14:31:32,366 INFO o.a.j.t.JMeterThread: Thread started: Spike Testing Thread 4-24
2026-04-13 14:31:32,390 INFO o.a.j.t.JMeterThread: Thread started: Spike Testing Thread 4-23
2026-04-13 14:31:32,416 INFO o.a.j.t.JMeterThread: Thread started: Spike Testing Thread 4-22
2026-04-13 14:31:32,442 INFO o.a.j.t.JMeterThread: Thread started: Spike Testing Thread 4-21
2026-04-13 14:31:32,466 INFO o.a.j.t.JMeterThread: Thread started: Spike Testing Thread 4-20
2026-04-13 14:31:32,490 INFO o.a.j.t.JMeterThread: Thread started: Spike Testing Thread 4-19
2026-04-13 14:31:32,516 INFO o.a.j.t.JMeterThread: Thread started: Spike Testing Thread 4-18
2026-04-13 14:31:32,541 INFO o.a.j.t.JMeterThread: Thread started: Spike Testing Thread 4-17
2026-04-13 14:31:32,566 INFO o.a.j.t.JMeterThread: Thread started: Spike Testing Thread 4-16
2026-04-13 14:31:32,591 INFO o.a.j.t.JMeterThread: Thread started: Spike Testing Thread 4-15
2026-04-13 14:31:32,616 INFO o.a.j.t.JMeterThread: Thread started: Spike Testing Thread 4-14
2026-04-13 14:31:32,641 INFO o.a.j.t.JMeterThread: Thread started: Spike Testing Thread 4-13
2026-04-13 14:31:32,666 INFO o.a.j.t.JMeterThread: Thread started: Spike Testing Thread 4-12
2026-04-13 14:31:32,691 INFO o.a.j.t.JMeterThread: Thread started: Spike Testing Thread 4-11
2026-04-13 14:31:35,431 INFO o.a.j.r.Summariser: summary +    488 in 00:00:34 =   14.4/s Avg:   836 Min:   252 Max: 21439 Err:     0 (0.00%) Active: 80 Started: 180 Finished: 100
2026-04-13 14:31:36,141 INFO o.a.j.t.JMeterThread: Thread finished: Spike Testing Thread 4-50
2026-04-13 14:31:36,158 INFO o.a.j.t.JMeterThread: Thread finished: Spike Testing Thread 4-49
2026-04-13 14:31:36,208 INFO o.a.j.t.JMeterThread: Thread finished: Spike Testing Thread 4-48
2026-04-13 14:31:36,208 INFO o.a.j.t.JMeterThread: Thread finished: Spike Testing Thread 4-47
2026-04-13 14:31:36,225 INFO o.a.j.t.JMeterThread: Thread finished: Spike Testing Thread 4-45
2026-04-13 14:31:36,258 INFO o.a.j.t.JMeterThread: Thread finished: Spike Testing Thread 4-46
2026-04-13 14:31:36,290 INFO o.a.j.t.JMeterThread: Thread finished: Spike Testing Thread 4-44
2026-04-13 14:31:36,326 INFO o.a.j.t.JMeterThread: Thread finished: Spike Testing Thread 4-43
2026-04-13 14:31:36,391 INFO o.a.j.t.JMeterThread: Thread finished: Spike Testing Thread 4-42
2026-04-13 14:31:36,409 INFO o.a.j.t.JMeterThread: Thread finished: Spike Testing Thread 4-41
2026-04-13 14:31:36,427 INFO o.a.j.t.JMeterThread: Thread finished: Spike Testing Thread 4-38
2026-04-13 14:31:36,439 INFO o.a.j.t.JMeterThread: Thread finished: Spike Testing Thread 4-40
2026-04-13 14:31:36,471 INFO o.a.j.t.JMeterThread: Thread finished: Spike Testing Thread 4-37
2026-04-13 14:31:36,491 INFO o.a.j.t.JMeterThread: Thread finished: Spike Testing Thread 4-36
2026-04-13 14:31:36,492 INFO o.a.j.t.JMeterThread: Thread finished: Spike Testing Thread 4-39
2026-04-13 14:31:36,508 INFO o.a.j.t.JMeterThread: Thread finished: Spike Testing Thread 4-35
2026-04-13 14:31:36,595 INFO o.a.j.t.JMeterThread: Thread finished: Spike Testing Thread 4-33
2026-04-13 14:31:36,607 INFO o.a.j.t.JMeterThread: Thread finished: Spike Testing Thread 4-34
2026-04-13 14:31:36,607 INFO o.a.j.t.JMeterThread: Thread finished: Spike Testing Thread 4-32
2026-04-13 14:31:36,607 INFO o.a.j.t.JMeterThread: Thread finished: Spike Testing Thread 4-31
2026-04-13 14:31:36,691 INFO o.a.j.t.JMeterThread: Thread finished: Spike Testing Thread 4-29
2026-04-13 14:31:36,691 INFO o.a.j.t.JMeterThread: Thread finished: Spike Testing Thread 4-28
2026-04-13 14:31:36,691 INFO o.a.j.t.JMeterThread: Thread finished: Spike Testing Thread 4-30
2026-04-13 14:31:36,741 INFO o.a.j.t.JMeterThread: Thread finished: Spike Testing Thread 4-27
2026-04-13 14:31:36,792 INFO o.a.j.t.JMeterThread: Thread finished: Spike Testing Thread 4-25
2026-04-13 14:31:36,808 INFO o.a.j.t.JMeterThread: Thread finished: Spike Testing Thread 4-26
2026-04-13 14:31:36,808 INFO o.a.j.t.JMeterThread: Thread finished: Spike Testing Thread 4-24
2026-04-13 14:31:36,891 INFO o.a.j.t.JMeterThread: Thread finished: Spike Testing Thread 4-23
2026-04-13 14:31:36,891 INFO o.a.j.t.JMeterThread: Thread finished: Spike Testing Thread 4-22
2026-04-13 14:31:36,907 INFO o.a.j.t.JMeterThread: Thread finished: Spike Testing Thread 4-21
2026-04-13 14:31:36,925 INFO o.a.j.t.JMeterThread: Thread finished: Spike Testing Thread 4-20
2026-04-13 14:31:36,959 INFO o.a.j.t.JMeterThread: Thread finished: Spike Testing Thread 4-18
2026-04-13 14:31:36,973 INFO o.a.j.t.JMeterThread: Thread finished: Spike Testing Thread 4-16
2026-04-13 14:31:36,989 INFO o.a.j.t.JMeterThread: Thread finished: Spike Testing Thread 4-19
2026-04-13 14:31:37,007 INFO o.a.j.t.JMeterThread: Thread finished: Spike Testing Thread 4-17
2026-04-13 14:31:37,007 INFO o.a.j.t.JMeterThread: Thread finished: Spike Testing Thread 4-15
2026-04-13 14:31:37,024 INFO o.a.j.t.JMeterThread: Thread finished: Spike Testing Thread 4-14
2026-04-13 14:31:37,075 INFO o.a.j.t.JMeterThread: Thread finished: Spike Testing Thread 4-13
2026-04-13 14:31:37,108 INFO o.a.j.t.JMeterThread: Thread finished: Spike Testing Thread 4-12
2026-04-13 14:31:37,141 INFO o.a.j.t.JMeterThread: Thread finished: Spike Testing Thread 4-11
2026-04-13 14:32:00,196 INFO o.a.j.r.Summariser: summary +    244 in 00:00:25 =    9.8/s Avg:   328 Min:   257 Max:   632 Err:     0 (0.00%) Active: 40 Started: 180 Finished: 140
2026-04-13 14:32:00,227 INFO o.a.j.r.Summariser: summary =    732 in 00:00:59 =   12.5/s Avg:   667 Min:   252 Max: 21439 Err:     0 (0.00%)
2026-04-13 14:32:30,288 INFO o.a.j.r.Summariser: summary +    201 in 00:00:30 =    6.7/s Avg:   328 Min:   255 Max:   615 Err:     0 (0.00%) Active: 40 Started: 180 Finished: 140
2026-04-13 14:32:30,288 INFO o.a.j.r.Summariser: summary =    933 in 00:01:29 =   10.5/s Avg:   594 Min:   252 Max: 21439 Err:     0 (0.00%)
2026-04-13 14:32:33,418 INFO o.a.j.t.JMeterThread: Thread finished: Spike Testing Thread 4-9
2026-04-13 14:32:33,622 INFO o.a.j.t.JMeterThread: Thread finished: Spike Testing Thread 4-10
2026-04-13 14:32:33,688 INFO o.a.j.t.JMeterThread: Thread finished: Spike Testing Thread 4-7
2026-04-13 14:32:33,787 INFO o.a.j.t.JMeterThread: Thread finished: Spike Testing Thread 4-8
2026-04-13 14:32:33,818 INFO o.a.j.t.JMeterThread: Thread finished: Spike Testing Thread 4-6
2026-04-13 14:32:34,393 INFO o.a.j.t.JMeterThread: Thread finished: Spike Testing Thread 4-5
2026-04-13 14:32:34,708 INFO o.a.j.t.JMeterThread: Thread finished: Spike Testing Thread 4-4
2026-04-13 14:32:35,267 INFO o.a.j.t.JMeterThread: Thread finished: Spike Testing Thread 4-3
2026-04-13 14:32:36,039 INFO o.a.j.t.JMeterThread: Thread finished: Spike Testing Thread 4-2
2026-04-13 14:32:36,372 INFO o.a.j.t.JMeterThread: Thread finished: Spike Testing Thread 4-1
2026-04-13 14:32:41,707 INFO o.a.j.t.JMeterThread: Thread started: Spike Testing Thread 4-110
2026-04-13 14:32:41,723 INFO o.a.j.t.JMeterThread: Thread started: Spike Testing Thread 4-109
2026-04-13 14:32:41,749 INFO o.a.j.t.JMeterThread: Thread started: Spike Testing Thread 4-108
2026-04-13 14:32:41,757 INFO o.a.j.t.JMeterThread: Thread started: Spike Testing Thread 4-107
2026-04-13 14:32:41,779 INFO o.a.j.t.JMeterThread: Thread started: Spike Testing Thread 4-106
2026-04-13 14:32:41,791 INFO o.a.j.t.JMeterThread: Thread started: Spike Testing Thread 4-105
2026-04-13 14:32:41,807 INFO o.a.j.t.JMeterThread: Thread started: Spike Testing Thread 4-104
2026-04-13 14:32:41,830 INFO o.a.j.t.JMeterThread: Thread started: Spike Testing Thread 4-103
2026-04-13 14:32:41,841 INFO o.a.j.t.JMeterThread: Thread started: Spike Testing Thread 4-102
2026-04-13 14:32:41,857 INFO o.a.j.t.JMeterThread: Thread started: Spike Testing Thread 4-101
2026-04-13 14:32:41,874 INFO o.a.j.t.JMeterThread: Thread started: Spike Testing Thread 4-100
2026-04-13 14:32:41,891 INFO o.a.j.t.JMeterThread: Thread started: Spike Testing Thread 4-99
2026-04-13 14:32:41,907 INFO o.a.j.t.JMeterThread: Thread started: Spike Testing Thread 4-98
2026-04-13 14:32:41,924 INFO o.a.j.t.JMeterThread: Thread started: Spike Testing Thread 4-97
2026-04-13 14:32:41,941 INFO o.a.j.t.JMeterThread: Thread started: Spike Testing Thread 4-96
2026-04-13 14:32:41,957 INFO o.a.j.t.JMeterThread: Thread started: Spike Testing Thread 4-95
2026-04-13 14:32:41,974 INFO o.a.j.t.JMeterThread: Thread started: Spike Testing Thread 4-94
2026-04-13 14:32:41,991 INFO o.a.j.t.JMeterThread: Thread started: Spike Testing Thread 4-93
2026-04-13 14:32:42,007 INFO o.a.j.t.JMeterThread: Thread started: Spike Testing Thread 4-92
2026-04-13 14:32:42,024 INFO o.a.j.t.JMeterThread: Thread started: Spike Testing Thread 4-91
2026-04-13 14:32:42,041 INFO o.a.j.t.JMeterThread: Thread started: Spike Testing Thread 4-90
2026-04-13 14:32:42,057 INFO o.a.j.t.JMeterThread: Thread started: Spike Testing Thread 4-89
2026-04-13 14:32:42,074 INFO o.a.j.t.JMeterThread: Thread started: Spike Testing Thread 4-88
2026-04-13 14:32:42,091 INFO o.a.j.t.JMeterThread: Thread started: Spike Testing Thread 4-87
2026-04-13 14:32:42,107 INFO o.a.j.t.JMeterThread: Thread started: Spike Testing Thread 4-86
2026-04-13 14:32:42,124 INFO o.a.j.t.JMeterThread: Thread started: Spike Testing Thread 4-85
2026-04-13 14:32:42,141 INFO o.a.j.t.JMeterThread: Thread started: Spike Testing Thread 4-84
2026-04-13 14:32:42,157 INFO o.a.j.t.JMeterThread: Thread started: Spike Testing Thread 4-83
2026-04-13 14:32:42,174 INFO o.a.j.t.JMeterThread: Thread started: Spike Testing Thread 4-82
2026-04-13 14:32:42,191 INFO o.a.j.t.JMeterThread: Thread started: Spike Testing Thread 4-81
2026-04-13 14:32:42,207 INFO o.a.j.t.JMeterThread: Thread started: Spike Testing Thread 4-80
2026-04-13 14:32:42,224 INFO o.a.j.t.JMeterThread: Thread started: Spike Testing Thread 4-79
2026-04-13 14:32:42,241 INFO o.a.j.t.JMeterThread: Thread started: Spike Testing Thread 4-78
2026-04-13 14:32:42,257 INFO o.a.j.t.JMeterThread: Thread started: Spike Testing Thread 4-77
2026-04-13 14:32:42,274 INFO o.a.j.t.JMeterThread: Thread started: Spike Testing Thread 4-76
2026-04-13 14:32:42,291 INFO o.a.j.t.JMeterThread: Thread started: Spike Testing Thread 4-75
2026-04-13 14:32:42,307 INFO o.a.j.t.JMeterThread: Thread started: Spike Testing Thread 4-74
2026-04-13 14:32:42,324 INFO o.a.j.t.JMeterThread: Thread started: Spike Testing Thread 4-73
2026-04-13 14:32:42,341 INFO o.a.j.t.JMeterThread: Thread started: Spike Testing Thread 4-72
2026-04-13 14:32:42,357 INFO o.a.j.t.JMeterThread: Thread started: Spike Testing Thread 4-71
2026-04-13 14:32:42,374 INFO o.a.j.t.JMeterThread: Thread started: Spike Testing Thread 4-70
2026-04-13 14:32:42,391 INFO o.a.j.t.JMeterThread: Thread started: Spike Testing Thread 4-69
2026-04-13 14:32:42,407 INFO o.a.j.t.JMeterThread: Thread started: Spike Testing Thread 4-68
2026-04-13 14:32:42,424 INFO o.a.j.t.JMeterThread: Thread started: Spike Testing Thread 4-67
2026-04-13 14:32:42,441 INFO o.a.j.t.JMeterThread: Thread started: Spike Testing Thread 4-66
2026-04-13 14:32:42,457 INFO o.a.j.t.JMeterThread: Thread started: Spike Testing Thread 4-65
2026-04-13 14:32:42,474 INFO o.a.j.t.JMeterThread: Thread started: Spike Testing Thread 4-64
2026-04-13 14:32:42,491 INFO o.a.j.t.JMeterThread: Thread started: Spike Testing Thread 4-63
2026-04-13 14:32:42,507 INFO o.a.j.t.JMeterThread: Thread started: Spike Testing Thread 4-62
2026-04-13 14:32:42,524 INFO o.a.j.t.JMeterThread: Thread started: Spike Testing Thread 4-61
2026-04-13 14:32:42,541 INFO o.a.j.t.JMeterThread: Thread started: Spike Testing Thread 4-60
2026-04-13 14:32:42,557 INFO o.a.j.t.JMeterThread: Thread started: Spike Testing Thread 4-59
2026-04-13 14:32:42,574 INFO o.a.j.t.JMeterThread: Thread started: Spike Testing Thread 4-58
2026-04-13 14:32:42,591 INFO o.a.j.t.JMeterThread: Thread started: Spike Testing Thread 4-57
2026-04-13 14:32:42,607 INFO o.a.j.t.JMeterThread: Thread started: Spike Testing Thread 4-56
2026-04-13 14:32:42,624 INFO o.a.j.t.JMeterThread: Thread started: Spike Testing Thread 4-55
2026-04-13 14:32:42,641 INFO o.a.j.t.JMeterThread: Thread started: Spike Testing Thread 4-54
2026-04-13 14:32:42,657 INFO o.a.j.t.JMeterThread: Thread started: Spike Testing Thread 4-53
2026-04-13 14:32:42,674 INFO o.a.j.t.JMeterThread: Thread started: Spike Testing Thread 4-52
2026-04-13 14:32:42,691 INFO o.a.j.t.JMeterThread: Thread started: Spike Testing Thread 4-51
2026-04-13 14:32:56,416 INFO o.a.j.t.JMeterThread: Thread finished: Spike Testing Thread 4-110
2026-04-13 14:32:56,416 INFO o.a.j.t.JMeterThread: Thread finished: Spike Testing Thread 4-109
2026-04-13 14:32:56,453 INFO o.a.j.t.JMeterThread: Thread finished: Spike Testing Thread 4-108
2026-04-13 14:32:56,486 INFO o.a.j.t.JMeterThread: Thread finished: Spike Testing Thread 4-107
2026-04-13 14:32:56,500 INFO o.a.j.t.JMeterThread: Thread finished: Spike Testing Thread 4-106
2026-04-13 14:32:56,550 INFO o.a.j.t.JMeterThread: Thread finished: Spike Testing Thread 4-104
2026-04-13 14:32:56,575 INFO o.a.j.t.JMeterThread: Thread finished: Spike Testing Thread 4-103
2026-04-13 14:32:56,590 INFO o.a.j.t.JMeterThread: Thread finished: Spike Testing Thread 4-105
2026-04-13 14:32:56,595 INFO o.a.j.t.JMeterThread: Thread finished: Spike Testing Thread 4-102
2026-04-13 14:32:56,631 INFO o.a.j.t.JMeterThread: Thread finished: Spike Testing Thread 4-100
2026-04-13 14:32:56,637 INFO o.a.j.t.JMeterThread: Thread finished: Spike Testing Thread 4-99
2026-04-13 14:32:56,650 INFO o.a.j.t.JMeterThread: Thread finished: Spike Testing Thread 4-98
2026-04-13 14:32:56,650 INFO o.a.j.t.JMeterThread: Thread finished: Spike Testing Thread 4-97
2026-04-13 14:32:56,690 INFO o.a.j.t.JMeterThread: Thread finished: Spike Testing Thread 4-101
2026-04-13 14:32:56,708 INFO o.a.j.t.JMeterThread: Thread finished: Spike Testing Thread 4-96
2026-04-13 14:32:56,710 INFO o.a.j.t.JMeterThread: Thread finished: Spike Testing Thread 4-92
2026-04-13 14:32:56,730 INFO o.a.j.t.JMeterThread: Thread finished: Spike Testing Thread 4-94
2026-04-13 14:32:56,758 INFO o.a.j.t.JMeterThread: Thread finished: Spike Testing Thread 4-89
2026-04-13 14:32:56,777 INFO o.a.j.t.JMeterThread: Thread finished: Spike Testing Thread 4-95
2026-04-13 14:32:56,787 INFO o.a.j.t.JMeterThread: Thread finished: Spike Testing Thread 4-88
2026-04-13 14:32:56,794 INFO o.a.j.t.JMeterThread: Thread finished: Spike Testing Thread 4-91
2026-04-13 14:32:56,795 INFO o.a.j.t.JMeterThread: Thread finished: Spike Testing Thread 4-87
2026-04-13 14:32:56,817 INFO o.a.j.t.JMeterThread: Thread finished: Spike Testing Thread 4-90
2026-04-13 14:32:56,876 INFO o.a.j.t.JMeterThread: Thread finished: Spike Testing Thread 4-86
2026-04-13 14:32:56,877 INFO o.a.j.t.JMeterThread: Thread finished: Spike Testing Thread 4-83
2026-04-13 14:32:56,911 INFO o.a.j.t.JMeterThread: Thread finished: Spike Testing Thread 4-84
2026-04-13 14:32:56,968 INFO o.a.j.t.JMeterThread: Thread finished: Spike Testing Thread 4-85
2026-04-13 14:32:56,970 INFO o.a.j.t.JMeterThread: Thread finished: Spike Testing Thread 4-79
2026-04-13 14:32:56,979 INFO o.a.j.t.JMeterThread: Thread finished: Spike Testing Thread 4-81
2026-04-13 14:32:57,002 INFO o.a.j.t.JMeterThread: Thread finished: Spike Testing Thread 4-77
2026-04-13 14:32:57,024 INFO o.a.j.t.JMeterThread: Thread finished: Spike Testing Thread 4-78
2026-04-13 14:32:57,033 INFO o.a.j.t.JMeterThread: Thread finished: Spike Testing Thread 4-76
2026-04-13 14:32:57,033 INFO o.a.j.t.JMeterThread: Thread finished: Spike Testing Thread 4-93
2026-04-13 14:32:57,049 INFO o.a.j.t.JMeterThread: Thread finished: Spike Testing Thread 4-73
2026-04-13 14:32:57,081 INFO o.a.j.t.JMeterThread: Thread finished: Spike Testing Thread 4-75
2026-04-13 14:32:57,116 INFO o.a.j.t.JMeterThread: Thread finished: Spike Testing Thread 4-74
2026-04-13 14:32:57,182 INFO o.a.j.t.JMeterThread: Thread finished: Spike Testing Thread 4-72
2026-04-13 14:32:57,216 INFO o.a.j.t.JMeterThread: Thread finished: Spike Testing Thread 4-82
2026-04-13 14:32:57,216 INFO o.a.j.t.JMeterThread: Thread finished: Spike Testing Thread 4-69
2026-04-13 14:32:57,233 INFO o.a.j.t.JMeterThread: Thread finished: Spike Testing Thread 4-71
2026-04-13 14:32:57,249 INFO o.a.j.t.JMeterThread: Thread finished: Spike Testing Thread 4-68
2026-04-13 14:32:57,283 INFO o.a.j.t.JMeterThread: Thread finished: Spike Testing Thread 4-67
2026-04-13 14:32:57,299 INFO o.a.j.t.JMeterThread: Thread finished: Spike Testing Thread 4-80
2026-04-13 14:32:57,316 INFO o.a.j.t.JMeterThread: Thread finished: Spike Testing Thread 4-70
2026-04-13 14:32:57,333 INFO o.a.j.t.JMeterThread: Thread finished: Spike Testing Thread 4-59
2026-04-13 14:32:57,333 INFO o.a.j.t.JMeterThread: Thread finished: Spike Testing Thread 4-65
2026-04-13 14:32:57,333 INFO o.a.j.t.JMeterThread: Thread finished: Spike Testing Thread 4-66
2026-04-13 14:32:57,375 INFO o.a.j.t.JMeterThread: Thread finished: Spike Testing Thread 4-64
2026-04-13 14:32:57,389 INFO o.a.j.t.JMeterThread: Thread finished: Spike Testing Thread 4-56
2026-04-13 14:32:57,397 INFO o.a.j.t.JMeterThread: Thread finished: Spike Testing Thread 4-55
2026-04-13 14:32:57,405 INFO o.a.j.t.JMeterThread: Thread finished: Spike Testing Thread 4-58
2026-04-13 14:32:57,407 INFO o.a.j.t.JMeterThread: Thread finished: Spike Testing Thread 4-54
2026-04-13 14:32:57,419 INFO o.a.j.t.JMeterThread: Thread finished: Spike Testing Thread 4-63
2026-04-13 14:32:57,424 INFO o.a.j.t.JMeterThread: Thread finished: Spike Testing Thread 4-61
2026-04-13 14:32:57,435 INFO o.a.j.t.JMeterThread: Thread finished: Spike Testing Thread 4-62
2026-04-13 14:32:57,449 INFO o.a.j.t.JMeterThread: Thread finished: Spike Testing Thread 4-52
2026-04-13 14:32:57,499 INFO o.a.j.t.JMeterThread: Thread finished: Spike Testing Thread 4-57
2026-04-13 14:32:57,533 INFO o.a.j.t.JMeterThread: Thread finished: Spike Testing Thread 4-53
2026-04-13 14:32:57,585 INFO o.a.j.t.JMeterThread: Thread finished: Spike Testing Thread 4-51
2026-04-13 14:32:57,649 INFO o.a.j.t.JMeterThread: Thread finished: Spike Testing Thread 4-60
2026-04-13 14:33:01,906 INFO o.a.j.r.Summariser: summary +    285 in 00:00:32 =    9.0/s Avg:   337 Min:   254 Max:   732 Err:     0 (0.00%) Active: 30 Started: 240 Finished: 210
2026-04-13 14:33:01,907 INFO o.a.j.r.Summariser: summary =   1218 in 00:02:00 =   10.1/s Avg:   534 Min:   252 Max: 21439 Err:     0 (0.00%)
2026-04-13 14:33:35,878 INFO o.a.j.r.Summariser: summary +    180 in 00:00:34 =    5.3/s Avg:   327 Min:   259 Max:  1308 Err:     0 (0.00%) Active: 30 Started: 240 Finished: 210
2026-04-13 14:33:35,878 INFO o.a.j.r.Summariser: summary =   1398 in 00:02:34 =    9.1/s Avg:   507 Min:   252 Max: 21439 Err:     0 (0.00%)
2026-04-13 14:33:59,329 INFO o.a.j.t.JMeterThread: Thread finished: Soak Testing Thread 3-27
2026-04-13 14:33:59,351 INFO o.a.j.t.JMeterThread: Thread finished: Soak Testing Thread 3-8
2026-04-13 14:33:59,454 INFO o.a.j.t.JMeterThread: Thread finished: Soak Testing Thread 3-22
2026-04-13 14:33:59,532 INFO o.a.j.t.JMeterThread: Thread finished: Soak Testing Thread 3-25
2026-04-13 14:33:59,532 INFO o.a.j.t.JMeterThread: Thread finished: Soak Testing Thread 3-14
2026-04-13 14:33:59,563 INFO o.a.j.t.JMeterThread: Thread finished: Soak Testing Thread 3-12
2026-04-13 14:33:59,613 INFO o.a.j.t.JMeterThread: Thread finished: Soak Testing Thread 3-18
2026-04-13 14:33:59,644 INFO o.a.j.t.JMeterThread: Thread finished: Soak Testing Thread 3-5
2026-04-13 14:33:59,660 INFO o.a.j.t.JMeterThread: Thread finished: Soak Testing Thread 3-29
2026-04-13 14:33:59,675 INFO o.a.j.t.JMeterThread: Thread finished: Soak Testing Thread 3-30
2026-04-13 14:33:59,691 INFO o.a.j.t.JMeterThread: Thread finished: Soak Testing Thread 3-21
2026-04-13 14:33:59,738 INFO o.a.j.t.JMeterThread: Thread finished: Soak Testing Thread 3-13
2026-04-13 14:33:59,754 INFO o.a.j.t.JMeterThread: Thread finished: Soak Testing Thread 3-26
2026-04-13 14:33:59,769 INFO o.a.j.t.JMeterThread: Thread finished: Soak Testing Thread 3-7
2026-04-13 14:33:59,785 INFO o.a.j.t.JMeterThread: Thread finished: Soak Testing Thread 3-4
2026-04-13 14:33:59,800 INFO o.a.j.t.JMeterThread: Thread finished: Soak Testing Thread 3-3
2026-04-13 14:33:59,863 INFO o.a.j.t.JMeterThread: Thread finished: Soak Testing Thread 3-11
2026-04-13 14:33:59,879 INFO o.a.j.t.JMeterThread: Thread finished: Soak Testing Thread 3-6
2026-04-13 14:33:59,957 INFO o.a.j.t.JMeterThread: Thread finished: Soak Testing Thread 3-2
2026-04-13 14:33:59,992 INFO o.a.j.t.JMeterThread: Thread finished: Soak Testing Thread 3-1
2026-04-13 14:34:00,164 INFO o.a.j.r.Summariser: summary +    169 in 00:00:24 =    7.0/s Avg:   294 Min:   253 Max:   537 Err:     0 (0.00%) Active: 10 Started: 240 Finished: 230
2026-04-13 14:34:00,164 INFO o.a.j.r.Summariser: summary =   1567 in 00:02:59 =    8.8/s Avg:   484 Min:   252 Max: 21439 Err:     0 (0.00%)
2026-04-13 14:34:00,164 INFO o.a.j.t.JMeterThread: Thread finished: Soak Testing Thread 3-20
2026-04-13 14:34:00,221 INFO o.a.j.t.JMeterThread: Thread finished: Soak Testing Thread 3-23
2026-04-13 14:34:00,236 INFO o.a.j.t.JMeterThread: Thread finished: Soak Testing Thread 3-16
2026-04-13 14:34:00,252 INFO o.a.j.t.JMeterThread: Thread finished: Soak Testing Thread 3-19
2026-04-13 14:34:00,268 INFO o.a.j.t.JMeterThread: Thread finished: Soak Testing Thread 3-28
2026-04-13 14:34:00,299 INFO o.a.j.t.JMeterThread: Thread finished: Soak Testing Thread 3-10
2026-04-13 14:34:00,314 INFO o.a.j.t.JMeterThread: Thread finished: Soak Testing Thread 3-17
2026-04-13 14:34:00,393 INFO o.a.j.t.JMeterThread: Thread finished: Soak Testing Thread 3-24
2026-04-13 14:34:00,424 INFO o.a.j.t.JMeterThread: Thread finished: Soak Testing Thread 3-9
2026-04-13 14:34:00,596 INFO o.a.j.t.JMeterThread: Thread finished: Soak Testing Thread 3-15
2026-04-13 14:34:00,596 INFO o.a.j.e.StandardJMeterEngine: Notifying test listeners of end of test
2026-04-13 14:34:00,596 INFO o.a.j.r.Summariser: summary +      9 in 00:00:00 =   20.8/s Avg:   309 Min:   287 Max:   397 Err:     0 (0.00%) Active: 0 Started: 240 Finished: 240
2026-04-13 14:34:00,596 INFO o.a.j.r.Summariser: summary =   1576 in 00:02:59 =    8.8/s Avg:   483 Min:   252 Max: 21439 Err:     0 (0.00%)
2026-04-13 14:34:00,596 INFO o.a.j.JMeter: Generating Dashboard
2026-04-13 14:34:00,596 INFO o.a.j.r.d.ReportGenerator: Flushing result collector before report Generation
2026-04-13 14:34:00,627 INFO o.a.j.r.p.NormalizerSampleConsumer: Using format, 'ms', to parse timeStamp field
2026-04-13 14:34:01,049 INFO o.a.j.r.p.AbstractSampleConsumer: class org.apache.jmeter.report.processor.AggregateConsumer#stopProducing(): beginDate produced 0 samples
2026-04-13 14:34:01,049 INFO o.a.j.r.p.AbstractSampleConsumer: class org.apache.jmeter.report.processor.AggregateConsumer#stopProducing(): endDate produced 0 samples
2026-04-13 14:34:01,064 INFO o.a.j.r.p.AbstractSampleConsumer: class org.apache.jmeter.report.processor.ApdexSummaryConsumer#stopProducing(): apdexSummary produced 0 samples
2026-04-13 14:34:01,064 INFO o.a.j.r.p.AbstractSampleConsumer: class org.apache.jmeter.report.processor.RequestsSummaryConsumer#stopProducing(): requestsSummary produced 0 samples
2026-04-13 14:34:01,064 INFO o.a.j.r.p.AbstractSampleConsumer: class org.apache.jmeter.report.processor.StatisticsSummaryConsumer#stopProducing(): statisticsSummary produced 0 samples
2026-04-13 14:34:01,064 INFO o.a.j.r.p.AbstractSampleConsumer: class org.apache.jmeter.report.processor.Top5ErrorsBySamplerConsumer#stopProducing(): top5ErrorsBySampler produced 0 samples
2026-04-13 14:34:01,064 INFO o.a.j.r.p.AbstractSampleConsumer: class org.apache.jmeter.report.processor.ErrorsSummaryConsumer#stopProducing(): errorsSummary produced 0 samples
2026-04-13 14:34:01,080 INFO o.a.j.r.p.AbstractSampleConsumer: class org.apache.jmeter.report.processor.graph.impl.HitsPerSecondGraphConsumer#stopProducing(): hitsPerSecond produced 0 samples
2026-04-13 14:34:01,174 INFO o.a.j.r.p.AbstractSampleConsumer: class org.apache.jmeter.report.processor.graph.impl.LatencyVSRequestGraphConsumer#stopProducing(): latencyVsRequest produced 0 samples
2026-04-13 14:34:01,174 INFO o.a.j.r.p.AbstractSampleConsumer: class org.apache.jmeter.report.processor.graph.impl.SyntheticResponseTimeDistributionGraphConsumer#stopProducing(): syntheticResponseTimeDistribution produced 0 samples
2026-04-13 14:34:01,174 INFO o.a.j.r.p.AbstractSampleConsumer: class org.apache.jmeter.report.processor.graph.impl.BytesThroughputGraphConsumer#stopProducing(): bytesThroughputOverTime produced 0 samples
2026-04-13 14:34:01,174 INFO o.a.j.r.p.AbstractSampleConsumer: class org.apache.jmeter.report.processor.graph.impl.CodesPerSecondGraphConsumer#stopProducing(): codesPerSecond produced 0 samples
2026-04-13 14:34:01,221 INFO o.a.j.r.p.AbstractSampleConsumer: class org.apache.jmeter.report.processor.graph.impl.ResponseTimeVSRequestGraphConsumer#stopProducing(): responseTimeVsRequest produced 0 samples
2026-04-13 14:34:01,221 INFO o.a.j.r.p.AbstractSampleConsumer: class org.apache.jmeter.report.processor.FilterConsumer#stopProducing(): startIntervalControlerFilter produced 11032 samples
2026-04-13 14:34:01,221 INFO o.a.j.r.p.AbstractSampleConsumer: class org.apache.jmeter.report.processor.graph.impl.TotalTPSGraphConsumer#stopProducing(): totalTPS produced 0 samples
2026-04-13 14:34:01,221 INFO o.a.j.r.p.AbstractSampleConsumer: class org.apache.jmeter.report.processor.graph.impl.ActiveThreadsGraphConsumer#stopProducing(): activeThreadsOverTime produced 0 samples
2026-04-13 14:34:01,221 INFO o.a.j.r.p.AbstractSampleConsumer: class org.apache.jmeter.report.processor.graph.impl.TimeVSThreadGraphConsumer#stopProducing(): timeVsThreads produced 0 samples
2026-04-13 14:34:01,221 INFO o.a.j.r.p.AbstractSampleConsumer: class org.apache.jmeter.report.processor.graph.impl.ResponseTimeDistributionGraphConsumer#stopProducing(): responseTimeDistribution produced 0 samples
2026-04-13 14:34:01,221 INFO o.a.j.r.p.AbstractSampleConsumer: class org.apache.jmeter.report.processor.graph.impl.TransactionsPerSecondGraphConsumer#stopProducing(): transactionsPerSecond produced 0 samples
2026-04-13 14:34:01,221 INFO o.a.j.r.p.AbstractSampleConsumer: class org.apache.jmeter.report.processor.graph.impl.ResponseTimePercentilesGraphConsumer#stopProducing(): responseTimePercentiles produced 0 samples
2026-04-13 14:34:01,236 INFO o.a.j.r.p.AbstractSampleConsumer: class org.apache.jmeter.report.processor.graph.impl.ResponseTimePercentilesOverTimeGraphConsumer#stopProducing(): responseTimePercentilesOverTime produced 0 samples
2026-04-13 14:34:01,236 INFO o.a.j.r.p.AbstractSampleConsumer: class org.apache.jmeter.report.processor.graph.impl.ResponseTimeOverTimeGraphConsumer#stopProducing(): responseTimesOverTime produced 0 samples
2026-04-13 14:34:01,236 INFO o.a.j.r.p.AbstractSampleConsumer: class org.apache.jmeter.report.processor.graph.impl.ConnectTimeOverTimeGraphConsumer#stopProducing(): connectTimeOverTime produced 0 samples
2026-04-13 14:34:01,236 INFO o.a.j.r.p.AbstractSampleConsumer: class org.apache.jmeter.report.processor.graph.impl.LatencyOverTimeGraphConsumer#stopProducing(): latenciesOverTime produced 0 samples
2026-04-13 14:34:01,236 INFO o.a.j.r.p.AbstractSampleConsumer: class org.apache.jmeter.report.processor.FilterConsumer#stopProducing(): nameFilter produced 23640 samples
2026-04-13 14:34:01,236 INFO o.a.j.r.p.AbstractSampleConsumer: class org.apache.jmeter.report.processor.FilterConsumer#stopProducing(): dateRangeFilter produced 4728 samples
2026-04-13 14:34:01,236 INFO o.a.j.r.p.AbstractSampleConsumer: class org.apache.jmeter.report.processor.NormalizerSampleConsumer#stopProducing(): normalizer produced 1576 samples
2026-04-13 14:34:01,236 INFO o.a.j.r.p.CsvFileSampleSource: produce(): 1576 samples produced in 547ms on channel 0
2026-04-13 14:34:01,236 INFO o.a.j.r.d.ReportGenerator: Exporting data using exporter:'json' of className:'org.apache.jmeter.report.dashboard.JsonExporter'
2026-04-13 14:34:01,408 INFO o.a.j.r.d.JsonExporter: Found data for consumer statisticsSummary in context
2026-04-13 14:34:01,408 INFO o.a.j.r.d.JsonExporter: Creating statistics for overall
2026-04-13 14:34:01,408 INFO o.a.j.r.d.JsonExporter: Creating statistics for other transactions
2026-04-13 14:34:01,408 INFO o.a.j.r.d.JsonExporter: Checking output folder
2026-04-13 14:34:01,408 INFO o.a.j.r.d.JsonExporter: Writing statistics JSON to C:\Users\Ahmed EL-Sharkawi\Desktop\Performance\results\statistics.json
2026-04-13 14:34:01,502 INFO o.a.j.r.d.ReportGenerator: Exporting data using exporter:'html' of className:'org.apache.jmeter.report.dashboard.HtmlTemplateExporter'
2026-04-13 14:34:01,518 INFO o.a.j.r.d.HtmlTemplateExporter: Will generate dashboard in folder: C:\Users\Ahmed EL-Sharkawi\Desktop\Performance\results
2026-04-13 14:34:01,913 INFO o.a.j.r.d.HtmlTemplateExporter: Report will be generated in: C:\Users\Ahmed EL-Sharkawi\Desktop\Performance\results, creating folder structure
2026-04-13 14:34:01,929 INFO o.a.j.r.d.TemplateVisitor: Copying folder from 'C:\Users\Ahmed EL-Sharkawi\Downloads\Compressed\apache-jmeter-5.6.3\bin\report-template' to 'C:\Users\Ahmed EL-Sharkawi\Desktop\Performance\results', got message: C:\Users\Ahmed EL-Sharkawi\Desktop\Performance\results, found non empty folder with following content [C:\Users\Ahmed EL-Sharkawi\Desktop\Performance\results\statistics.json, C:\Users\Ahmed EL-Sharkawi\Desktop\Performance\results\test_results.jtl], will be ignored
2026-04-13 14:34:03,915 INFO o.a.j.JMeter: Dashboard generated
